[ 2016-06-26T10:09:34+08:00 ] ::1 /smart/
INFO: [ app_init ] --START--
INFO: Run Behavior\BuildLiteBehavior [ RunTime:0.000053s ]
INFO: [ app_init ] --END-- [ RunTime:0.030707s ]
INFO: [ app_begin ] --START--
INFO: Run Behavior\ReadHtmlCacheBehavior [ RunTime:0.008306s ]
INFO: [ app_begin ] --END-- [ RunTime:0.008454s ]
SQL: CREATE TABLE IF NOT EXISTS `smart`.`smart_main_2016-06-26` ( `main_id` INT NOT NULL AUTO_INCREMENT COMMENT '自增id' , `main_date` VARCHAR(100) NOT NULL COMMENT '录入日期' , `main_wo` VARCHAR(100) NOT NULL COMMENT '工单号' , `main_add` VARCHAR(100) NULL COMMENT '无用' , `main_tel` TEXT NOT NULL COMMENT '手机号' , `main_address` CHAR(255) NOT NULL COMMENT '地址' , `main_nu` VARCHAR(100) NULL COMMENT '无用' , `main_ytime` DATETIME NOT NULL COMMENT '预约日期' , `main_ctime` DATETIME NOT NULL COMMENT '结单日期' , `main_cf` SMALLINT NOT NULL COMMENT '重复值' , `main_mark` VARCHAR(100) NOT NULL COMMENT '备注' , `main_status` CHAR(255) NOT NULL COMMENT '状态' , `main_res` TEXT NOT NULL COMMENT '提单结果' , `main_staff` VARCHAR(100) NOT NULL COMMENT '处理人员' , `main_type` VARCHAR(100) NOT NULL COMMENT '单子状态' , `main_yres` CHAR(100) NOT NULL COMMENT '预处理' , `main_yyb` TEXT NOT NULL COMMENT '预约信息2' , `main_tda` TEXT NOT NULL COMMENT '提单信息1' , `main_tdb` TEXT NOT NULL COMMENT '提单信息2' ,  `main_dosta` SMALLINT NOT NULL COMMENT '工单处理状态' ,PRIMARY KEY (`main_id`)) ENGINE = MyISAM COMMENT = '日工作表'; [ RunTime:0.0874s ]
SQL: SHOW TABLES [ RunTime:0.0267s ]
SQL: DROP TABLE `smart_main_2016-05-16` [ RunTime:0.0394s ]
SQL: DROP TABLE `smart_main_2016-05-17` [ RunTime:0.0408s ]
SQL: DROP TABLE `smart_main_2016-05-18` [ RunTime:0.0149s ]
SQL: DROP TABLE `smart_main_2016-05-19` [ RunTime:0.0315s ]
SQL: DROP TABLE `smart_main_2016-05-20` [ RunTime:0.0233s ]
SQL: DROP TABLE `smart_main_2016-05-21` [ RunTime:0.0390s ]
SQL: DROP TABLE `smart_main_2016-05-23` [ RunTime:0.0366s ]
SQL: DROP TABLE `smart_main_2016-05-24` [ RunTime:0.0431s ]
NOTIC: [8] Undefined index: name F:\php\WWW\smart\app\Home\Controller\IndexController.class.php 第 17 行.
INFO: [ view_parse ] --START--
INFO: [ template_filter ] --START--
INFO: Run Behavior\ContentReplaceBehavior [ RunTime:0.009339s ]
INFO: [ template_filter ] --END-- [ RunTime:0.009543s ]
INFO: Run Behavior\ParseTemplateBehavior [ RunTime:0.135752s ]
INFO: [ view_parse ] --END-- [ RunTime:0.136006s ]
INFO: [ view_filter ] --START--
INFO: Run Behavior\WriteHtmlCacheBehavior [ RunTime:0.068628s ]
INFO: [ view_filter ] --END-- [ RunTime:0.068800s ]

[ 2016-06-26T10:09:40+08:00 ] ::1 /smart/Home/Login/login?action=login&name=admin&pwd=admin
INFO: [ app_init ] --START--
INFO: Run Behavior\BuildLiteBehavior [ RunTime:0.000015s ]
INFO: [ app_init ] --END-- [ RunTime:0.000760s ]
INFO: [ app_begin ] --START--
INFO: Run Behavior\ReadHtmlCacheBehavior [ RunTime:0.000914s ]
INFO: [ app_begin ] --END-- [ RunTime:0.000970s ]
SQL: SHOW COLUMNS FROM `smart_user` [ RunTime:0.0893s ]
SQL: SELECT `user_bck` FROM `smart_user` WHERE ( user_name='admin' AND user_pwd='d033e22ae348aeb5660fc2140aec35850c4da997' ) LIMIT 1   [ RunTime:0.0436s ]
INFO: [ app_end ] --START--
INFO: Run Behavior\ShowPageTraceBehavior [ RunTime:0.029743s ]
INFO: [ app_end ] --END-- [ RunTime:0.029886s ]

[ 2016-06-26T10:09:40+08:00 ] ::1 /smart/Home/Login/choose
INFO: [ app_init ] --START--
INFO: Run Behavior\BuildLiteBehavior [ RunTime:0.000019s ]
INFO: [ app_init ] --END-- [ RunTime:0.000835s ]
INFO: [ app_begin ] --START--
INFO: Run Behavior\ReadHtmlCacheBehavior [ RunTime:0.001087s ]
INFO: [ app_begin ] --END-- [ RunTime:0.001191s ]
NOTIC: [8] Undefined index: chtype F:\php\WWW\smart\app\Home\Controller\LoginController.class.php 第 43 行.
NOTIC: [8] Undefined index: chtype F:\php\WWW\smart\app\Home\Controller\LoginController.class.php 第 47 行.
INFO: [ view_parse ] --START--
INFO: [ template_filter ] --START--
INFO: Run Behavior\ContentReplaceBehavior [ RunTime:0.000040s ]
INFO: [ template_filter ] --END-- [ RunTime:0.000092s ]
INFO: Run Behavior\ParseTemplateBehavior [ RunTime:0.035145s ]
INFO: [ view_parse ] --END-- [ RunTime:0.035202s ]
INFO: [ view_filter ] --START--
INFO: Run Behavior\WriteHtmlCacheBehavior [ RunTime:0.000351s ]
INFO: [ view_filter ] --END-- [ RunTime:0.000383s ]
INFO: [ app_end ] --START--
INFO: Run Behavior\ShowPageTraceBehavior [ RunTime:0.000554s ]
INFO: [ app_end ] --END-- [ RunTime:0.000588s ]

[ 2016-06-26T10:09:43+08:00 ] ::1 /smart/Home/Login/chtype?chtype=%E6%8F%90%E5%8D%95
INFO: [ app_init ] --START--
INFO: Run Behavior\BuildLiteBehavior [ RunTime:0.000011s ]
INFO: [ app_init ] --END-- [ RunTime:0.000437s ]
INFO: [ app_begin ] --START--
INFO: Run Behavior\ReadHtmlCacheBehavior [ RunTime:0.000573s ]
INFO: [ app_begin ] --END-- [ RunTime:0.000617s ]
INFO: [ app_end ] --START--
INFO: Run Behavior\ShowPageTraceBehavior [ RunTime:0.000550s ]
INFO: [ app_end ] --END-- [ RunTime:0.000588s ]

[ 2016-06-26T10:09:44+08:00 ] ::1 /smart/Home/Bl
INFO: [ app_init ] --START--
INFO: Run Behavior\BuildLiteBehavior [ RunTime:0.000010s ]
INFO: [ app_init ] --END-- [ RunTime:0.000436s ]
INFO: [ app_begin ] --START--
INFO: Run Behavior\ReadHtmlCacheBehavior [ RunTime:0.000564s ]
INFO: [ app_begin ] --END-- [ RunTime:0.000614s ]
INFO: [ view_parse ] --START--
INFO: [ template_filter ] --START--
INFO: Run Behavior\ContentReplaceBehavior [ RunTime:0.000065s ]
INFO: [ template_filter ] --END-- [ RunTime:0.000115s ]
SQL: SHOW COLUMNS FROM `smart_main_2016-06-26` [ RunTime:0.0503s ]
SQL: SELECT `main_staff` FROM `smart_main_2016-06-26`  [ RunTime:0.0009s ]
NOTIC: [8] Undefined variable: staff F:\php\WWW\smart\app\Home\Widget\TdtableWidget.class.php 第 28 行.
NOTIC: [2] array_unique() expects parameter 1 to be array, null given F:\php\WWW\smart\app\Home\Widget\TdtableWidget.class.php 第 28 行.
NOTIC: [2] Invalid argument supplied for foreach() F:\php\WWW\smart\app\Home\Widget\TdtableWidget.class.php 第 30 行.
SQL: SELECT * FROM `smart_main_2016-06-26` WHERE ( main_type='已派发' AND main_dosta != 1 ) ORDER BY main_ctime ASC  [ RunTime:0.0013s ]
INFO: Run Behavior\ParseTemplateBehavior [ RunTime:1.262154s ]
INFO: [ view_parse ] --END-- [ RunTime:1.262233s ]
INFO: [ view_filter ] --START--
INFO: Run Behavior\WriteHtmlCacheBehavior [ RunTime:0.001250s ]
INFO: [ view_filter ] --END-- [ RunTime:0.001359s ]
INFO: [ app_end ] --START--
INFO: Run Behavior\ShowPageTraceBehavior [ RunTime:0.001904s ]
INFO: [ app_end ] --END-- [ RunTime:0.002060s ]

[ 2016-06-26T10:09:46+08:00 ] ::1 /smart/Home/Base/getblnum
INFO: [ app_init ] --START--
INFO: Run Behavior\BuildLiteBehavior [ RunTime:0.000011s ]
INFO: [ app_init ] --END-- [ RunTime:0.000459s ]
INFO: [ app_begin ] --START--
INFO: Run Behavior\ReadHtmlCacheBehavior [ RunTime:0.000523s ]
INFO: [ app_begin ] --END-- [ RunTime:0.000556s ]
SQL: SHOW COLUMNS FROM `smart_main_2016-06-26` [ RunTime:0.0242s ]
SQL: SELECT COUNT(*) AS tp_count FROM `smart_main_2016-06-26` LIMIT 1   [ RunTime:0.0008s ]
SQL: SELECT COUNT(*) AS tp_count FROM `smart_main_2016-06-26` WHERE ( main_type='已派发' ) LIMIT 1   [ RunTime:0.0008s ]
INFO: [ app_end ] --START--
INFO: Run Behavior\ShowPageTraceBehavior [ RunTime:0.001982s ]
INFO: [ app_end ] --END-- [ RunTime:0.002095s ]

[ 2016-06-26T10:11:26+08:00 ] ::1 /smart/Home/Base/getblnum
INFO: [ app_init ] --START--
INFO: Run Behavior\BuildLiteBehavior [ RunTime:0.000031s ]
INFO: [ app_init ] --END-- [ RunTime:0.001516s ]
INFO: [ app_begin ] --START--
INFO: Run Behavior\ReadHtmlCacheBehavior [ RunTime:0.001997s ]
INFO: [ app_begin ] --END-- [ RunTime:0.002113s ]
SQL: SHOW COLUMNS FROM `smart_main_2016-06-26` [ RunTime:0.0436s ]
SQL: SELECT COUNT(*) AS tp_count FROM `smart_main_2016-06-26` LIMIT 1   [ RunTime:0.0007s ]
SQL: SELECT COUNT(*) AS tp_count FROM `smart_main_2016-06-26` WHERE ( main_type='已派发' ) LIMIT 1   [ RunTime:0.0006s ]
INFO: [ app_end ] --START--
INFO: Run Behavior\ShowPageTraceBehavior [ RunTime:0.001853s ]
INFO: [ app_end ] --END-- [ RunTime:0.001960s ]

[ 2016-06-26T10:13:06+08:00 ] ::1 /smart/Home/Base/getblnum
INFO: [ app_init ] --START--
INFO: Run Behavior\BuildLiteBehavior [ RunTime:0.000012s ]
INFO: [ app_init ] --END-- [ RunTime:0.000537s ]
INFO: [ app_begin ] --START--
INFO: Run Behavior\ReadHtmlCacheBehavior [ RunTime:0.000591s ]
INFO: [ app_begin ] --END-- [ RunTime:0.000629s ]
SQL: SHOW COLUMNS FROM `smart_main_2016-06-26` [ RunTime:0.0076s ]
SQL: SELECT COUNT(*) AS tp_count FROM `smart_main_2016-06-26` LIMIT 1   [ RunTime:0.0004s ]
SQL: SELECT COUNT(*) AS tp_count FROM `smart_main_2016-06-26` WHERE ( main_type='已派发' ) LIMIT 1   [ RunTime:0.0005s ]
INFO: [ app_end ] --START--
INFO: Run Behavior\ShowPageTraceBehavior [ RunTime:0.001221s ]
INFO: [ app_end ] --END-- [ RunTime:0.001284s ]

[ 2016-06-26T10:14:46+08:00 ] ::1 /smart/Home/Base/getblnum
INFO: [ app_init ] --START--
INFO: Run Behavior\BuildLiteBehavior [ RunTime:0.000015s ]
INFO: [ app_init ] --END-- [ RunTime:0.000733s ]
INFO: [ app_begin ] --START--
INFO: Run Behavior\ReadHtmlCacheBehavior [ RunTime:0.000740s ]
INFO: [ app_begin ] --END-- [ RunTime:0.000868s ]
SQL: SHOW COLUMNS FROM `smart_main_2016-06-26` [ RunTime:0.0286s ]
SQL: SELECT COUNT(*) AS tp_count FROM `smart_main_2016-06-26` LIMIT 1   [ RunTime:0.0003s ]
SQL: SELECT COUNT(*) AS tp_count FROM `smart_main_2016-06-26` WHERE ( main_type='已派发' ) LIMIT 1   [ RunTime:0.0003s ]
INFO: [ app_end ] --START--
INFO: Run Behavior\ShowPageTraceBehavior [ RunTime:0.000775s ]
INFO: [ app_end ] --END-- [ RunTime:0.000818s ]

[ 2016-06-26T10:16:26+08:00 ] ::1 /smart/Home/Base/getblnum
INFO: [ app_init ] --START--
INFO: Run Behavior\BuildLiteBehavior [ RunTime:0.000017s ]
INFO: [ app_init ] --END-- [ RunTime:0.000763s ]
INFO: [ app_begin ] --START--
INFO: Run Behavior\ReadHtmlCacheBehavior [ RunTime:0.000926s ]
INFO: [ app_begin ] --END-- [ RunTime:0.000996s ]
SQL: SHOW COLUMNS FROM `smart_main_2016-06-26` [ RunTime:0.0517s ]
SQL: SELECT COUNT(*) AS tp_count FROM `smart_main_2016-06-26` LIMIT 1   [ RunTime:0.0006s ]
SQL: SELECT COUNT(*) AS tp_count FROM `smart_main_2016-06-26` WHERE ( main_type='已派发' ) LIMIT 1   [ RunTime:0.0006s ]
INFO: [ app_end ] --START--
INFO: Run Behavior\ShowPageTraceBehavior [ RunTime:0.001973s ]
INFO: [ app_end ] --END-- [ RunTime:0.002079s ]

[ 2016-06-26T10:18:06+08:00 ] ::1 /smart/Home/Base/getblnum
INFO: [ app_init ] --START--
INFO: Run Behavior\BuildLiteBehavior [ RunTime:0.000035s ]
INFO: [ app_init ] --END-- [ RunTime:0.000680s ]
INFO: [ app_begin ] --START--
INFO: Run Behavior\ReadHtmlCacheBehavior [ RunTime:0.001058s ]
INFO: [ app_begin ] --END-- [ RunTime:0.001131s ]
SQL: SHOW COLUMNS FROM `smart_main_2016-06-26` [ RunTime:0.0060s ]
SQL: SELECT COUNT(*) AS tp_count FROM `smart_main_2016-06-26` LIMIT 1   [ RunTime:0.0004s ]
SQL: SELECT COUNT(*) AS tp_count FROM `smart_main_2016-06-26` WHERE ( main_type='已派发' ) LIMIT 1   [ RunTime:0.0003s ]
INFO: [ app_end ] --START--
INFO: Run Behavior\ShowPageTraceBehavior [ RunTime:0.000893s ]
INFO: [ app_end ] --END-- [ RunTime:0.000939s ]

[ 2016-06-26T10:19:46+08:00 ] ::1 /smart/Home/Base/getblnum
INFO: [ app_init ] --START--
INFO: Run Behavior\BuildLiteBehavior [ RunTime:0.000010s ]
INFO: [ app_init ] --END-- [ RunTime:0.000428s ]
INFO: [ app_begin ] --START--
INFO: Run Behavior\ReadHtmlCacheBehavior [ RunTime:0.000515s ]
INFO: [ app_begin ] --END-- [ RunTime:0.000549s ]
SQL: SHOW COLUMNS FROM `smart_main_2016-06-26` [ RunTime:0.0149s ]
SQL: SELECT COUNT(*) AS tp_count FROM `smart_main_2016-06-26` LIMIT 1   [ RunTime:0.0007s ]
SQL: SELECT COUNT(*) AS tp_count FROM `smart_main_2016-06-26` WHERE ( main_type='已派发' ) LIMIT 1   [ RunTime:0.0007s ]
INFO: [ app_end ] --START--
INFO: Run Behavior\ShowPageTraceBehavior [ RunTime:0.001791s ]
INFO: [ app_end ] --END-- [ RunTime:0.001876s ]

[ 2016-06-26T10:21:26+08:00 ] ::1 /smart/Home/Base/getblnum
INFO: [ app_init ] --START--
INFO: Run Behavior\BuildLiteBehavior [ RunTime:0.000029s ]
INFO: [ app_init ] --END-- [ RunTime:0.001452s ]
INFO: [ app_begin ] --START--
INFO: Run Behavior\ReadHtmlCacheBehavior [ RunTime:0.001714s ]
INFO: [ app_begin ] --END-- [ RunTime:0.001827s ]
SQL: SHOW COLUMNS FROM `smart_main_2016-06-26` [ RunTime:0.0186s ]
SQL: SELECT COUNT(*) AS tp_count FROM `smart_main_2016-06-26` LIMIT 1   [ RunTime:0.0009s ]
SQL: SELECT COUNT(*) AS tp_count FROM `smart_main_2016-06-26` WHERE ( main_type='已派发' ) LIMIT 1   [ RunTime:0.0008s ]
INFO: [ app_end ] --START--
INFO: Run Behavior\ShowPageTraceBehavior [ RunTime:0.002357s ]
INFO: [ app_end ] --END-- [ RunTime:0.002482s ]

[ 2016-06-26T10:23:06+08:00 ] ::1 /smart/Home/Base/getblnum
INFO: [ app_init ] --START--
INFO: Run Behavior\BuildLiteBehavior [ RunTime:0.000022s ]
INFO: [ app_init ] --END-- [ RunTime:0.000885s ]
INFO: [ app_begin ] --START--
INFO: Run Behavior\ReadHtmlCacheBehavior [ RunTime:0.000987s ]
INFO: [ app_begin ] --END-- [ RunTime:0.001050s ]
SQL: SHOW COLUMNS FROM `smart_main_2016-06-26` [ RunTime:0.0234s ]
SQL: SELECT COUNT(*) AS tp_count FROM `smart_main_2016-06-26` LIMIT 1   [ RunTime:0.0008s ]
SQL: SELECT COUNT(*) AS tp_count FROM `smart_main_2016-06-26` WHERE ( main_type='已派发' ) LIMIT 1   [ RunTime:0.0009s ]
INFO: [ app_end ] --START--
INFO: Run Behavior\ShowPageTraceBehavior [ RunTime:0.002040s ]
INFO: [ app_end ] --END-- [ RunTime:0.002151s ]

[ 2016-06-26T10:24:46+08:00 ] ::1 /smart/Home/Base/getblnum
INFO: [ app_init ] --START--
INFO: Run Behavior\BuildLiteBehavior [ RunTime:0.000014s ]
INFO: [ app_init ] --END-- [ RunTime:0.000705s ]
INFO: [ app_begin ] --START--
INFO: Run Behavior\ReadHtmlCacheBehavior [ RunTime:0.000833s ]
INFO: [ app_begin ] --END-- [ RunTime:0.000884s ]
SQL: SHOW COLUMNS FROM `smart_main_2016-06-26` [ RunTime:0.0065s ]
SQL: SELECT COUNT(*) AS tp_count FROM `smart_main_2016-06-26` LIMIT 1   [ RunTime:0.0003s ]
SQL: SELECT COUNT(*) AS tp_count FROM `smart_main_2016-06-26` WHERE ( main_type='已派发' ) LIMIT 1   [ RunTime:0.0003s ]
INFO: [ app_end ] --START--
INFO: Run Behavior\ShowPageTraceBehavior [ RunTime:0.000967s ]
INFO: [ app_end ] --END-- [ RunTime:0.001024s ]

[ 2016-06-26T10:26:26+08:00 ] ::1 /smart/Home/Base/getblnum
INFO: [ app_init ] --START--
INFO: Run Behavior\BuildLiteBehavior [ RunTime:0.000015s ]
INFO: [ app_init ] --END-- [ RunTime:0.000508s ]
INFO: [ app_begin ] --START--
INFO: Run Behavior\ReadHtmlCacheBehavior [ RunTime:0.000576s ]
INFO: [ app_begin ] --END-- [ RunTime:0.000612s ]
SQL: SHOW COLUMNS FROM `smart_main_2016-06-26` [ RunTime:0.0161s ]
SQL: SELECT COUNT(*) AS tp_count FROM `smart_main_2016-06-26` LIMIT 1   [ RunTime:0.0003s ]
SQL: SELECT COUNT(*) AS tp_count FROM `smart_main_2016-06-26` WHERE ( main_type='已派发' ) LIMIT 1   [ RunTime:0.0002s ]
INFO: [ app_end ] --START--
INFO: Run Behavior\ShowPageTraceBehavior [ RunTime:0.000812s ]
INFO: [ app_end ] --END-- [ RunTime:0.000852s ]

[ 2016-06-26T10:28:06+08:00 ] ::1 /smart/Home/Base/getblnum
INFO: [ app_init ] --START--
INFO: Run Behavior\BuildLiteBehavior [ RunTime:0.000021s ]
INFO: [ app_init ] --END-- [ RunTime:0.000845s ]
INFO: [ app_begin ] --START--
INFO: Run Behavior\ReadHtmlCacheBehavior [ RunTime:0.000907s ]
INFO: [ app_begin ] --END-- [ RunTime:0.000969s ]
SQL: SHOW COLUMNS FROM `smart_main_2016-06-26` [ RunTime:0.0144s ]
SQL: SELECT COUNT(*) AS tp_count FROM `smart_main_2016-06-26` LIMIT 1   [ RunTime:0.0006s ]
SQL: SELECT COUNT(*) AS tp_count FROM `smart_main_2016-06-26` WHERE ( main_type='已派发' ) LIMIT 1   [ RunTime:0.0006s ]
INFO: [ app_end ] --START--
INFO: Run Behavior\ShowPageTraceBehavior [ RunTime:0.001881s ]
INFO: [ app_end ] --END-- [ RunTime:0.001986s ]

[ 2016-06-26T10:29:46+08:00 ] ::1 /smart/Home/Base/getblnum
INFO: [ app_init ] --START--
INFO: Run Behavior\BuildLiteBehavior [ RunTime:0.000012s ]
INFO: [ app_init ] --END-- [ RunTime:0.000713s ]
INFO: [ app_begin ] --START--
INFO: Run Behavior\ReadHtmlCacheBehavior [ RunTime:0.000726s ]
INFO: [ app_begin ] --END-- [ RunTime:0.000769s ]
SQL: SHOW COLUMNS FROM `smart_main_2016-06-26` [ RunTime:0.0149s ]
SQL: SELECT COUNT(*) AS tp_count FROM `smart_main_2016-06-26` LIMIT 1   [ RunTime:0.0009s ]
SQL: SELECT COUNT(*) AS tp_count FROM `smart_main_2016-06-26` WHERE ( main_type='已派发' ) LIMIT 1   [ RunTime:0.0008s ]
INFO: [ app_end ] --START--
INFO: Run Behavior\ShowPageTraceBehavior [ RunTime:0.002236s ]
INFO: [ app_end ] --END-- [ RunTime:0.002349s ]

