[ 2016-06-09T15:58:29+08:00 ] ::1 /smart/
INFO: [ app_init ] --START--
INFO: Run Behavior\BuildLiteBehavior [ RunTime:0.000047s ]
INFO: [ app_init ] --END-- [ RunTime:0.013836s ]
INFO: [ app_begin ] --START--
INFO: Run Behavior\ReadHtmlCacheBehavior [ RunTime:0.008291s ]
INFO: [ app_begin ] --END-- [ RunTime:0.008458s ]
SQL: CREATE TABLE IF NOT EXISTS `smart`.`smart_main_2016-06-09` ( `main_id` INT NOT NULL AUTO_INCREMENT COMMENT '自增id' , `main_date` VARCHAR(100) NOT NULL COMMENT '录入日期' , `main_wo` VARCHAR(100) NOT NULL COMMENT '工单号' , `main_add` VARCHAR(100) NULL COMMENT '无用' , `main_tel` TEXT NOT NULL COMMENT '手机号' , `main_address` CHAR(255) NOT NULL COMMENT '地址' , `main_nu` VARCHAR(100) NULL COMMENT '无用' , `main_ytime` DATETIME NOT NULL COMMENT '预约日期' , `main_ctime` DATETIME NOT NULL COMMENT '结单日期' , `main_cf` SMALLINT NOT NULL COMMENT '重复值' , `main_mark` VARCHAR(100) NOT NULL COMMENT '备注' , `main_status` CHAR(255) NOT NULL COMMENT '状态' , `main_res` TEXT NOT NULL COMMENT '提单结果' , `main_staff` VARCHAR(100) NOT NULL COMMENT '处理人员' , `main_type` VARCHAR(100) NOT NULL COMMENT '单子状态' , `main_yres` CHAR(100) NOT NULL COMMENT '预处理' , `main_yyb` TEXT NOT NULL COMMENT '预约信息2' , `main_tda` TEXT NOT NULL COMMENT '提单信息1' , `main_tdb` TEXT NOT NULL COMMENT '提单信息2' ,  `main_dosta` SMALLINT NOT NULL COMMENT '工单处理状态' ,PRIMARY KEY (`main_id`)) ENGINE = MyISAM COMMENT = '日工作表'; [ RunTime:0.0743s ]
SQL: SHOW TABLES [ RunTime:0.0309s ]
SQL: DROP TABLE `smart_main_2016-05-06` [ RunTime:0.0424s ]
SQL: DROP TABLE `smart_main_2016-05-07` [ RunTime:0.0347s ]
NOTIC: [8] Undefined index: name F:\php\WWW\smart\app\Home\Controller\IndexController.class.php 第 17 行.
INFO: [ view_parse ] --START--
INFO: [ template_filter ] --START--
INFO: Run Behavior\ContentReplaceBehavior [ RunTime:0.064730s ]
INFO: [ template_filter ] --END-- [ RunTime:0.064933s ]
INFO: Run Behavior\ParseTemplateBehavior [ RunTime:0.177758s ]
INFO: [ view_parse ] --END-- [ RunTime:0.177946s ]
INFO: [ view_filter ] --START--
INFO: Run Behavior\WriteHtmlCacheBehavior [ RunTime:0.015547s ]
INFO: [ view_filter ] --END-- [ RunTime:0.015668s ]

[ 2016-06-09T16:33:13+08:00 ] ::1 /smart/
INFO: [ app_init ] --START--
INFO: Run Behavior\BuildLiteBehavior [ RunTime:0.000040s ]
INFO: [ app_init ] --END-- [ RunTime:0.001638s ]
INFO: [ app_begin ] --START--
INFO: Run Behavior\ReadHtmlCacheBehavior [ RunTime:0.001724s ]
INFO: [ app_begin ] --END-- [ RunTime:0.001849s ]
SQL: CREATE TABLE IF NOT EXISTS `smart`.`smart_main_2016-06-09` ( `main_id` INT NOT NULL AUTO_INCREMENT COMMENT '自增id' , `main_date` VARCHAR(100) NOT NULL COMMENT '录入日期' , `main_wo` VARCHAR(100) NOT NULL COMMENT '工单号' , `main_add` VARCHAR(100) NULL COMMENT '无用' , `main_tel` TEXT NOT NULL COMMENT '手机号' , `main_address` CHAR(255) NOT NULL COMMENT '地址' , `main_nu` VARCHAR(100) NULL COMMENT '无用' , `main_ytime` DATETIME NOT NULL COMMENT '预约日期' , `main_ctime` DATETIME NOT NULL COMMENT '结单日期' , `main_cf` SMALLINT NOT NULL COMMENT '重复值' , `main_mark` VARCHAR(100) NOT NULL COMMENT '备注' , `main_status` CHAR(255) NOT NULL COMMENT '状态' , `main_res` TEXT NOT NULL COMMENT '提单结果' , `main_staff` VARCHAR(100) NOT NULL COMMENT '处理人员' , `main_type` VARCHAR(100) NOT NULL COMMENT '单子状态' , `main_yres` CHAR(100) NOT NULL COMMENT '预处理' , `main_yyb` TEXT NOT NULL COMMENT '预约信息2' , `main_tda` TEXT NOT NULL COMMENT '提单信息1' , `main_tdb` TEXT NOT NULL COMMENT '提单信息2' ,  `main_dosta` SMALLINT NOT NULL COMMENT '工单处理状态' ,PRIMARY KEY (`main_id`)) ENGINE = MyISAM COMMENT = '日工作表'; [ RunTime:0.0046s ]
SQL: SHOW TABLES [ RunTime:0.0105s ]
NOTIC: [8] Undefined index: name F:\php\WWW\smart\app\Home\Controller\IndexController.class.php 第 17 行.
INFO: [ view_parse ] --START--
INFO: [ template_filter ] --START--
INFO: Run Behavior\ContentReplaceBehavior [ RunTime:0.000141s ]
INFO: [ template_filter ] --END-- [ RunTime:0.000276s ]
INFO: Run Behavior\ParseTemplateBehavior [ RunTime:0.023017s ]
INFO: [ view_parse ] --END-- [ RunTime:0.023152s ]
INFO: [ view_filter ] --START--
INFO: Run Behavior\WriteHtmlCacheBehavior [ RunTime:0.001359s ]
INFO: [ view_filter ] --END-- [ RunTime:0.001468s ]

[ 2016-06-09T16:35:07+08:00 ] 127.0.0.1 /
INFO: [ app_init ] --START--
INFO: Run Behavior\BuildLiteBehavior [ RunTime:0.000011s ]
INFO: [ app_init ] --END-- [ RunTime:0.000461s ]
INFO: [ app_begin ] --START--
INFO: Run Behavior\ReadHtmlCacheBehavior [ RunTime:0.000738s ]
INFO: [ app_begin ] --END-- [ RunTime:0.000790s ]
SQL: CREATE TABLE IF NOT EXISTS `smart`.`smart_main_2016-06-09` ( `main_id` INT NOT NULL AUTO_INCREMENT COMMENT '自增id' , `main_date` VARCHAR(100) NOT NULL COMMENT '录入日期' , `main_wo` VARCHAR(100) NOT NULL COMMENT '工单号' , `main_add` VARCHAR(100) NULL COMMENT '无用' , `main_tel` TEXT NOT NULL COMMENT '手机号' , `main_address` CHAR(255) NOT NULL COMMENT '地址' , `main_nu` VARCHAR(100) NULL COMMENT '无用' , `main_ytime` DATETIME NOT NULL COMMENT '预约日期' , `main_ctime` DATETIME NOT NULL COMMENT '结单日期' , `main_cf` SMALLINT NOT NULL COMMENT '重复值' , `main_mark` VARCHAR(100) NOT NULL COMMENT '备注' , `main_status` CHAR(255) NOT NULL COMMENT '状态' , `main_res` TEXT NOT NULL COMMENT '提单结果' , `main_staff` VARCHAR(100) NOT NULL COMMENT '处理人员' , `main_type` VARCHAR(100) NOT NULL COMMENT '单子状态' , `main_yres` CHAR(100) NOT NULL COMMENT '预处理' , `main_yyb` TEXT NOT NULL COMMENT '预约信息2' , `main_tda` TEXT NOT NULL COMMENT '提单信息1' , `main_tdb` TEXT NOT NULL COMMENT '提单信息2' ,  `main_dosta` SMALLINT NOT NULL COMMENT '工单处理状态' ,PRIMARY KEY (`main_id`)) ENGINE = MyISAM COMMENT = '日工作表'; [ RunTime:0.0011s ]
SQL: SHOW TABLES [ RunTime:0.0114s ]
NOTIC: [8] Undefined index: name F:\php\WWW\smart\app\Home\Controller\IndexController.class.php 第 17 行.
INFO: [ view_parse ] --START--
INFO: [ template_filter ] --START--
INFO: Run Behavior\ContentReplaceBehavior [ RunTime:0.000096s ]
INFO: [ template_filter ] --END-- [ RunTime:0.000234s ]
INFO: Run Behavior\ParseTemplateBehavior [ RunTime:0.018740s ]
INFO: [ view_parse ] --END-- [ RunTime:0.018876s ]
INFO: [ view_filter ] --START--
INFO: Run Behavior\WriteHtmlCacheBehavior [ RunTime:0.001206s ]
INFO: [ view_filter ] --END-- [ RunTime:0.001314s ]

[ 2016-06-09T16:35:33+08:00 ] 127.0.0.1 /
INFO: [ app_init ] --START--
INFO: Run Behavior\BuildLiteBehavior [ RunTime:0.000011s ]
INFO: [ app_init ] --END-- [ RunTime:0.000495s ]
INFO: [ app_begin ] --START--
INFO: Run Behavior\ReadHtmlCacheBehavior [ RunTime:0.000539s ]
INFO: [ app_begin ] --END-- [ RunTime:0.000579s ]
SQL: CREATE TABLE IF NOT EXISTS `smart`.`smart_main_2016-06-09` ( `main_id` INT NOT NULL AUTO_INCREMENT COMMENT '自增id' , `main_date` VARCHAR(100) NOT NULL COMMENT '录入日期' , `main_wo` VARCHAR(100) NOT NULL COMMENT '工单号' , `main_add` VARCHAR(100) NULL COMMENT '无用' , `main_tel` TEXT NOT NULL COMMENT '手机号' , `main_address` CHAR(255) NOT NULL COMMENT '地址' , `main_nu` VARCHAR(100) NULL COMMENT '无用' , `main_ytime` DATETIME NOT NULL COMMENT '预约日期' , `main_ctime` DATETIME NOT NULL COMMENT '结单日期' , `main_cf` SMALLINT NOT NULL COMMENT '重复值' , `main_mark` VARCHAR(100) NOT NULL COMMENT '备注' , `main_status` CHAR(255) NOT NULL COMMENT '状态' , `main_res` TEXT NOT NULL COMMENT '提单结果' , `main_staff` VARCHAR(100) NOT NULL COMMENT '处理人员' , `main_type` VARCHAR(100) NOT NULL COMMENT '单子状态' , `main_yres` CHAR(100) NOT NULL COMMENT '预处理' , `main_yyb` TEXT NOT NULL COMMENT '预约信息2' , `main_tda` TEXT NOT NULL COMMENT '提单信息1' , `main_tdb` TEXT NOT NULL COMMENT '提单信息2' ,  `main_dosta` SMALLINT NOT NULL COMMENT '工单处理状态' ,PRIMARY KEY (`main_id`)) ENGINE = MyISAM COMMENT = '日工作表'; [ RunTime:0.0005s ]
SQL: SHOW TABLES [ RunTime:0.0046s ]
NOTIC: [8] Undefined index: name F:\php\WWW\smart\app\Home\Controller\IndexController.class.php 第 17 行.
INFO: [ view_parse ] --START--
INFO: [ template_filter ] --START--
INFO: Run Behavior\ContentReplaceBehavior [ RunTime:0.000032s ]
INFO: [ template_filter ] --END-- [ RunTime:0.000078s ]
INFO: Run Behavior\ParseTemplateBehavior [ RunTime:0.005387s ]
INFO: [ view_parse ] --END-- [ RunTime:0.005429s ]
INFO: [ view_filter ] --START--
INFO: Run Behavior\WriteHtmlCacheBehavior [ RunTime:0.000396s ]
INFO: [ view_filter ] --END-- [ RunTime:0.000429s ]

[ 2016-06-09T16:36:13+08:00 ] ::1 /smart/
INFO: [ app_init ] --START--
INFO: Run Behavior\BuildLiteBehavior [ RunTime:0.000011s ]
INFO: [ app_init ] --END-- [ RunTime:0.000549s ]
INFO: [ app_begin ] --START--
INFO: Run Behavior\ReadHtmlCacheBehavior [ RunTime:0.000576s ]
INFO: [ app_begin ] --END-- [ RunTime:0.000618s ]
SQL: CREATE TABLE IF NOT EXISTS `smart`.`smart_main_2016-06-09` ( `main_id` INT NOT NULL AUTO_INCREMENT COMMENT '自增id' , `main_date` VARCHAR(100) NOT NULL COMMENT '录入日期' , `main_wo` VARCHAR(100) NOT NULL COMMENT '工单号' , `main_add` VARCHAR(100) NULL COMMENT '无用' , `main_tel` TEXT NOT NULL COMMENT '手机号' , `main_address` CHAR(255) NOT NULL COMMENT '地址' , `main_nu` VARCHAR(100) NULL COMMENT '无用' , `main_ytime` DATETIME NOT NULL COMMENT '预约日期' , `main_ctime` DATETIME NOT NULL COMMENT '结单日期' , `main_cf` SMALLINT NOT NULL COMMENT '重复值' , `main_mark` VARCHAR(100) NOT NULL COMMENT '备注' , `main_status` CHAR(255) NOT NULL COMMENT '状态' , `main_res` TEXT NOT NULL COMMENT '提单结果' , `main_staff` VARCHAR(100) NOT NULL COMMENT '处理人员' , `main_type` VARCHAR(100) NOT NULL COMMENT '单子状态' , `main_yres` CHAR(100) NOT NULL COMMENT '预处理' , `main_yyb` TEXT NOT NULL COMMENT '预约信息2' , `main_tda` TEXT NOT NULL COMMENT '提单信息1' , `main_tdb` TEXT NOT NULL COMMENT '提单信息2' ,  `main_dosta` SMALLINT NOT NULL COMMENT '工单处理状态' ,PRIMARY KEY (`main_id`)) ENGINE = MyISAM COMMENT = '日工作表'; [ RunTime:0.0008s ]
SQL: SHOW TABLES [ RunTime:0.0056s ]
NOTIC: [8] Undefined index: name F:\php\WWW\smart\app\Home\Controller\IndexController.class.php 第 17 行.
INFO: [ view_parse ] --START--
INFO: [ template_filter ] --START--
INFO: Run Behavior\ContentReplaceBehavior [ RunTime:0.000057s ]
INFO: [ template_filter ] --END-- [ RunTime:0.000133s ]
INFO: Run Behavior\ParseTemplateBehavior [ RunTime:0.009004s ]
INFO: [ view_parse ] --END-- [ RunTime:0.009107s ]
INFO: [ view_filter ] --START--
INFO: Run Behavior\WriteHtmlCacheBehavior [ RunTime:0.000855s ]
INFO: [ view_filter ] --END-- [ RunTime:0.000957s ]

[ 2016-06-09T16:57:43+08:00 ] 127.0.0.1 /
INFO: [ app_init ] --START--
INFO: Run Behavior\BuildLiteBehavior [ RunTime:0.000014s ]
INFO: [ app_init ] --END-- [ RunTime:0.000515s ]
INFO: [ app_begin ] --START--
INFO: Run Behavior\ReadHtmlCacheBehavior [ RunTime:0.000573s ]
INFO: [ app_begin ] --END-- [ RunTime:0.000614s ]
SQL: CREATE TABLE IF NOT EXISTS `smart`.`smart_main_2016-06-09` ( `main_id` INT NOT NULL AUTO_INCREMENT COMMENT '自增id' , `main_date` VARCHAR(100) NOT NULL COMMENT '录入日期' , `main_wo` VARCHAR(100) NOT NULL COMMENT '工单号' , `main_add` VARCHAR(100) NULL COMMENT '无用' , `main_tel` TEXT NOT NULL COMMENT '手机号' , `main_address` CHAR(255) NOT NULL COMMENT '地址' , `main_nu` VARCHAR(100) NULL COMMENT '无用' , `main_ytime` DATETIME NOT NULL COMMENT '预约日期' , `main_ctime` DATETIME NOT NULL COMMENT '结单日期' , `main_cf` SMALLINT NOT NULL COMMENT '重复值' , `main_mark` VARCHAR(100) NOT NULL COMMENT '备注' , `main_status` CHAR(255) NOT NULL COMMENT '状态' , `main_res` TEXT NOT NULL COMMENT '提单结果' , `main_staff` VARCHAR(100) NOT NULL COMMENT '处理人员' , `main_type` VARCHAR(100) NOT NULL COMMENT '单子状态' , `main_yres` CHAR(100) NOT NULL COMMENT '预处理' , `main_yyb` TEXT NOT NULL COMMENT '预约信息2' , `main_tda` TEXT NOT NULL COMMENT '提单信息1' , `main_tdb` TEXT NOT NULL COMMENT '提单信息2' ,  `main_dosta` SMALLINT NOT NULL COMMENT '工单处理状态' ,PRIMARY KEY (`main_id`)) ENGINE = MyISAM COMMENT = '日工作表'; [ RunTime:0.0015s ]
SQL: SHOW TABLES [ RunTime:0.0167s ]
NOTIC: [8] Undefined index: name F:\php\WWW\smart\app\Home\Controller\IndexController.class.php 第 17 行.
INFO: [ view_parse ] --START--
INFO: [ template_filter ] --START--
INFO: Run Behavior\ContentReplaceBehavior [ RunTime:0.000065s ]
INFO: [ template_filter ] --END-- [ RunTime:0.000128s ]
INFO: Run Behavior\ParseTemplateBehavior [ RunTime:0.012412s ]
INFO: [ view_parse ] --END-- [ RunTime:0.012526s ]
INFO: [ view_filter ] --START--
INFO: Run Behavior\WriteHtmlCacheBehavior [ RunTime:0.000690s ]
INFO: [ view_filter ] --END-- [ RunTime:0.000740s ]

[ 2016-06-09T16:58:21+08:00 ] 127.0.0.1 /
INFO: [ app_init ] --START--
INFO: Run Behavior\BuildLiteBehavior [ RunTime:0.000014s ]
INFO: [ app_init ] --END-- [ RunTime:0.000545s ]
INFO: [ app_begin ] --START--
INFO: Run Behavior\ReadHtmlCacheBehavior [ RunTime:0.000571s ]
INFO: [ app_begin ] --END-- [ RunTime:0.000620s ]
SQL: CREATE TABLE IF NOT EXISTS `smart`.`smart_main_2016-06-09` ( `main_id` INT NOT NULL AUTO_INCREMENT COMMENT '自增id' , `main_date` VARCHAR(100) NOT NULL COMMENT '录入日期' , `main_wo` VARCHAR(100) NOT NULL COMMENT '工单号' , `main_add` VARCHAR(100) NULL COMMENT '无用' , `main_tel` TEXT NOT NULL COMMENT '手机号' , `main_address` CHAR(255) NOT NULL COMMENT '地址' , `main_nu` VARCHAR(100) NULL COMMENT '无用' , `main_ytime` DATETIME NOT NULL COMMENT '预约日期' , `main_ctime` DATETIME NOT NULL COMMENT '结单日期' , `main_cf` SMALLINT NOT NULL COMMENT '重复值' , `main_mark` VARCHAR(100) NOT NULL COMMENT '备注' , `main_status` CHAR(255) NOT NULL COMMENT '状态' , `main_res` TEXT NOT NULL COMMENT '提单结果' , `main_staff` VARCHAR(100) NOT NULL COMMENT '处理人员' , `main_type` VARCHAR(100) NOT NULL COMMENT '单子状态' , `main_yres` CHAR(100) NOT NULL COMMENT '预处理' , `main_yyb` TEXT NOT NULL COMMENT '预约信息2' , `main_tda` TEXT NOT NULL COMMENT '提单信息1' , `main_tdb` TEXT NOT NULL COMMENT '提单信息2' ,  `main_dosta` SMALLINT NOT NULL COMMENT '工单处理状态' ,PRIMARY KEY (`main_id`)) ENGINE = MyISAM COMMENT = '日工作表'; [ RunTime:0.0012s ]
SQL: SHOW TABLES [ RunTime:0.0103s ]
NOTIC: [8] Undefined index: name F:\php\WWW\smart\app\Home\Controller\IndexController.class.php 第 17 行.
INFO: [ view_parse ] --START--
INFO: [ template_filter ] --START--
INFO: Run Behavior\ContentReplaceBehavior [ RunTime:0.000088s ]
INFO: [ template_filter ] --END-- [ RunTime:0.000222s ]
INFO: Run Behavior\ParseTemplateBehavior [ RunTime:0.014787s ]
INFO: [ view_parse ] --END-- [ RunTime:0.014890s ]
INFO: [ view_filter ] --START--
INFO: Run Behavior\WriteHtmlCacheBehavior [ RunTime:0.000734s ]
INFO: [ view_filter ] --END-- [ RunTime:0.000805s ]

[ 2016-06-09T17:03:36+08:00 ] 127.0.0.1 /
INFO: [ app_init ] --START--
INFO: Run Behavior\BuildLiteBehavior [ RunTime:0.000059s ]
INFO: [ app_init ] --END-- [ RunTime:0.001876s ]
INFO: [ app_begin ] --START--
INFO: Run Behavior\ReadHtmlCacheBehavior [ RunTime:0.002165s ]
INFO: [ app_begin ] --END-- [ RunTime:0.002327s ]
SQL: CREATE TABLE IF NOT EXISTS `smart`.`smart_main_2016-06-09` ( `main_id` INT NOT NULL AUTO_INCREMENT COMMENT '自增id' , `main_date` VARCHAR(100) NOT NULL COMMENT '录入日期' , `main_wo` VARCHAR(100) NOT NULL COMMENT '工单号' , `main_add` VARCHAR(100) NULL COMMENT '无用' , `main_tel` TEXT NOT NULL COMMENT '手机号' , `main_address` CHAR(255) NOT NULL COMMENT '地址' , `main_nu` VARCHAR(100) NULL COMMENT '无用' , `main_ytime` DATETIME NOT NULL COMMENT '预约日期' , `main_ctime` DATETIME NOT NULL COMMENT '结单日期' , `main_cf` SMALLINT NOT NULL COMMENT '重复值' , `main_mark` VARCHAR(100) NOT NULL COMMENT '备注' , `main_status` CHAR(255) NOT NULL COMMENT '状态' , `main_res` TEXT NOT NULL COMMENT '提单结果' , `main_staff` VARCHAR(100) NOT NULL COMMENT '处理人员' , `main_type` VARCHAR(100) NOT NULL COMMENT '单子状态' , `main_yres` CHAR(100) NOT NULL COMMENT '预处理' , `main_yyb` TEXT NOT NULL COMMENT '预约信息2' , `main_tda` TEXT NOT NULL COMMENT '提单信息1' , `main_tdb` TEXT NOT NULL COMMENT '提单信息2' ,  `main_dosta` SMALLINT NOT NULL COMMENT '工单处理状态' ,PRIMARY KEY (`main_id`)) ENGINE = MyISAM COMMENT = '日工作表'; [ RunTime:0.0048s ]
SQL: SHOW TABLES [ RunTime:0.0116s ]
NOTIC: [8] Undefined index: name F:\php\WWW\smart\app\Home\Controller\IndexController.class.php 第 17 行.
INFO: [ view_parse ] --START--
INFO: [ template_filter ] --START--
INFO: Run Behavior\ContentReplaceBehavior [ RunTime:0.000141s ]
INFO: [ template_filter ] --END-- [ RunTime:0.000280s ]
INFO: Run Behavior\ParseTemplateBehavior [ RunTime:0.026382s ]
INFO: [ view_parse ] --END-- [ RunTime:0.026576s ]
INFO: [ view_filter ] --START--
INFO: Run Behavior\WriteHtmlCacheBehavior [ RunTime:0.001332s ]
INFO: [ view_filter ] --END-- [ RunTime:0.001437s ]

[ 2016-06-09T17:03:47+08:00 ] 127.0.0.1 /
INFO: [ app_init ] --START--
INFO: Run Behavior\BuildLiteBehavior [ RunTime:0.000015s ]
INFO: [ app_init ] --END-- [ RunTime:0.000692s ]
INFO: [ app_begin ] --START--
INFO: Run Behavior\ReadHtmlCacheBehavior [ RunTime:0.000945s ]
INFO: [ app_begin ] --END-- [ RunTime:0.001035s ]
SQL: CREATE TABLE IF NOT EXISTS `smart`.`smart_main_2016-06-09` ( `main_id` INT NOT NULL AUTO_INCREMENT COMMENT '自增id' , `main_date` VARCHAR(100) NOT NULL COMMENT '录入日期' , `main_wo` VARCHAR(100) NOT NULL COMMENT '工单号' , `main_add` VARCHAR(100) NULL COMMENT '无用' , `main_tel` TEXT NOT NULL COMMENT '手机号' , `main_address` CHAR(255) NOT NULL COMMENT '地址' , `main_nu` VARCHAR(100) NULL COMMENT '无用' , `main_ytime` DATETIME NOT NULL COMMENT '预约日期' , `main_ctime` DATETIME NOT NULL COMMENT '结单日期' , `main_cf` SMALLINT NOT NULL COMMENT '重复值' , `main_mark` VARCHAR(100) NOT NULL COMMENT '备注' , `main_status` CHAR(255) NOT NULL COMMENT '状态' , `main_res` TEXT NOT NULL COMMENT '提单结果' , `main_staff` VARCHAR(100) NOT NULL COMMENT '处理人员' , `main_type` VARCHAR(100) NOT NULL COMMENT '单子状态' , `main_yres` CHAR(100) NOT NULL COMMENT '预处理' , `main_yyb` TEXT NOT NULL COMMENT '预约信息2' , `main_tda` TEXT NOT NULL COMMENT '提单信息1' , `main_tdb` TEXT NOT NULL COMMENT '提单信息2' ,  `main_dosta` SMALLINT NOT NULL COMMENT '工单处理状态' ,PRIMARY KEY (`main_id`)) ENGINE = MyISAM COMMENT = '日工作表'; [ RunTime:0.0012s ]
SQL: SHOW TABLES [ RunTime:0.0106s ]
NOTIC: [8] Undefined index: name F:\php\WWW\smart\app\Home\Controller\IndexController.class.php 第 17 行.
INFO: [ view_parse ] --START--
INFO: [ template_filter ] --START--
INFO: Run Behavior\ContentReplaceBehavior [ RunTime:0.000041s ]
INFO: [ template_filter ] --END-- [ RunTime:0.000106s ]
INFO: Run Behavior\ParseTemplateBehavior [ RunTime:0.007145s ]
INFO: [ view_parse ] --END-- [ RunTime:0.007210s ]
INFO: [ view_filter ] --START--
INFO: Run Behavior\WriteHtmlCacheBehavior [ RunTime:0.000563s ]
INFO: [ view_filter ] --END-- [ RunTime:0.000612s ]

[ 2016-06-09T17:03:56+08:00 ] 127.0.0.1 /
INFO: [ app_init ] --START--
INFO: Run Behavior\BuildLiteBehavior [ RunTime:0.000014s ]
INFO: [ app_init ] --END-- [ RunTime:0.000502s ]
INFO: [ app_begin ] --START--
INFO: Run Behavior\ReadHtmlCacheBehavior [ RunTime:0.000546s ]
INFO: [ app_begin ] --END-- [ RunTime:0.000586s ]
SQL: CREATE TABLE IF NOT EXISTS `smart`.`smart_main_2016-06-09` ( `main_id` INT NOT NULL AUTO_INCREMENT COMMENT '自增id' , `main_date` VARCHAR(100) NOT NULL COMMENT '录入日期' , `main_wo` VARCHAR(100) NOT NULL COMMENT '工单号' , `main_add` VARCHAR(100) NULL COMMENT '无用' , `main_tel` TEXT NOT NULL COMMENT '手机号' , `main_address` CHAR(255) NOT NULL COMMENT '地址' , `main_nu` VARCHAR(100) NULL COMMENT '无用' , `main_ytime` DATETIME NOT NULL COMMENT '预约日期' , `main_ctime` DATETIME NOT NULL COMMENT '结单日期' , `main_cf` SMALLINT NOT NULL COMMENT '重复值' , `main_mark` VARCHAR(100) NOT NULL COMMENT '备注' , `main_status` CHAR(255) NOT NULL COMMENT '状态' , `main_res` TEXT NOT NULL COMMENT '提单结果' , `main_staff` VARCHAR(100) NOT NULL COMMENT '处理人员' , `main_type` VARCHAR(100) NOT NULL COMMENT '单子状态' , `main_yres` CHAR(100) NOT NULL COMMENT '预处理' , `main_yyb` TEXT NOT NULL COMMENT '预约信息2' , `main_tda` TEXT NOT NULL COMMENT '提单信息1' , `main_tdb` TEXT NOT NULL COMMENT '提单信息2' ,  `main_dosta` SMALLINT NOT NULL COMMENT '工单处理状态' ,PRIMARY KEY (`main_id`)) ENGINE = MyISAM COMMENT = '日工作表'; [ RunTime:0.0037s ]
SQL: SHOW TABLES [ RunTime:0.0145s ]
NOTIC: [8] Undefined index: name F:\php\WWW\smart\app\Home\Controller\IndexController.class.php 第 17 行.
INFO: [ view_parse ] --START--
INFO: [ template_filter ] --START--
INFO: Run Behavior\ContentReplaceBehavior [ RunTime:0.000062s ]
INFO: [ template_filter ] --END-- [ RunTime:0.000125s ]
INFO: Run Behavior\ParseTemplateBehavior [ RunTime:0.012372s ]
INFO: [ view_parse ] --END-- [ RunTime:0.012457s ]
INFO: [ view_filter ] --START--
INFO: Run Behavior\WriteHtmlCacheBehavior [ RunTime:0.000633s ]
INFO: [ view_filter ] --END-- [ RunTime:0.000681s ]

[ 2016-06-09T17:04:05+08:00 ] 127.0.0.1 /
INFO: [ app_init ] --START--
INFO: Run Behavior\BuildLiteBehavior [ RunTime:0.000014s ]
INFO: [ app_init ] --END-- [ RunTime:0.000509s ]
INFO: [ app_begin ] --START--
INFO: Run Behavior\ReadHtmlCacheBehavior [ RunTime:0.000528s ]
INFO: [ app_begin ] --END-- [ RunTime:0.000571s ]
SQL: CREATE TABLE IF NOT EXISTS `smart`.`smart_main_2016-06-09` ( `main_id` INT NOT NULL AUTO_INCREMENT COMMENT '自增id' , `main_date` VARCHAR(100) NOT NULL COMMENT '录入日期' , `main_wo` VARCHAR(100) NOT NULL COMMENT '工单号' , `main_add` VARCHAR(100) NULL COMMENT '无用' , `main_tel` TEXT NOT NULL COMMENT '手机号' , `main_address` CHAR(255) NOT NULL COMMENT '地址' , `main_nu` VARCHAR(100) NULL COMMENT '无用' , `main_ytime` DATETIME NOT NULL COMMENT '预约日期' , `main_ctime` DATETIME NOT NULL COMMENT '结单日期' , `main_cf` SMALLINT NOT NULL COMMENT '重复值' , `main_mark` VARCHAR(100) NOT NULL COMMENT '备注' , `main_status` CHAR(255) NOT NULL COMMENT '状态' , `main_res` TEXT NOT NULL COMMENT '提单结果' , `main_staff` VARCHAR(100) NOT NULL COMMENT '处理人员' , `main_type` VARCHAR(100) NOT NULL COMMENT '单子状态' , `main_yres` CHAR(100) NOT NULL COMMENT '预处理' , `main_yyb` TEXT NOT NULL COMMENT '预约信息2' , `main_tda` TEXT NOT NULL COMMENT '提单信息1' , `main_tdb` TEXT NOT NULL COMMENT '提单信息2' ,  `main_dosta` SMALLINT NOT NULL COMMENT '工单处理状态' ,PRIMARY KEY (`main_id`)) ENGINE = MyISAM COMMENT = '日工作表'; [ RunTime:0.0010s ]
SQL: SHOW TABLES [ RunTime:0.0099s ]
NOTIC: [8] Undefined index: name F:\php\WWW\smart\app\Home\Controller\IndexController.class.php 第 17 行.
INFO: [ view_parse ] --START--
INFO: [ template_filter ] --START--
INFO: Run Behavior\ContentReplaceBehavior [ RunTime:0.000092s ]
INFO: [ template_filter ] --END-- [ RunTime:0.000247s ]
INFO: Run Behavior\ParseTemplateBehavior [ RunTime:0.018091s ]
INFO: [ view_parse ] --END-- [ RunTime:0.018265s ]
INFO: [ view_filter ] --START--
INFO: Run Behavior\WriteHtmlCacheBehavior [ RunTime:0.001191s ]
INFO: [ view_filter ] --END-- [ RunTime:0.001313s ]

[ 2016-06-09T17:04:18+08:00 ] 127.0.0.1 /
INFO: [ app_init ] --START--
INFO: Run Behavior\BuildLiteBehavior [ RunTime:0.000015s ]
INFO: [ app_init ] --END-- [ RunTime:0.000487s ]
INFO: [ app_begin ] --START--
INFO: Run Behavior\ReadHtmlCacheBehavior [ RunTime:0.000540s ]
INFO: [ app_begin ] --END-- [ RunTime:0.000580s ]
SQL: CREATE TABLE IF NOT EXISTS `smart`.`smart_main_2016-06-09` ( `main_id` INT NOT NULL AUTO_INCREMENT COMMENT '自增id' , `main_date` VARCHAR(100) NOT NULL COMMENT '录入日期' , `main_wo` VARCHAR(100) NOT NULL COMMENT '工单号' , `main_add` VARCHAR(100) NULL COMMENT '无用' , `main_tel` TEXT NOT NULL COMMENT '手机号' , `main_address` CHAR(255) NOT NULL COMMENT '地址' , `main_nu` VARCHAR(100) NULL COMMENT '无用' , `main_ytime` DATETIME NOT NULL COMMENT '预约日期' , `main_ctime` DATETIME NOT NULL COMMENT '结单日期' , `main_cf` SMALLINT NOT NULL COMMENT '重复值' , `main_mark` VARCHAR(100) NOT NULL COMMENT '备注' , `main_status` CHAR(255) NOT NULL COMMENT '状态' , `main_res` TEXT NOT NULL COMMENT '提单结果' , `main_staff` VARCHAR(100) NOT NULL COMMENT '处理人员' , `main_type` VARCHAR(100) NOT NULL COMMENT '单子状态' , `main_yres` CHAR(100) NOT NULL COMMENT '预处理' , `main_yyb` TEXT NOT NULL COMMENT '预约信息2' , `main_tda` TEXT NOT NULL COMMENT '提单信息1' , `main_tdb` TEXT NOT NULL COMMENT '提单信息2' ,  `main_dosta` SMALLINT NOT NULL COMMENT '工单处理状态' ,PRIMARY KEY (`main_id`)) ENGINE = MyISAM COMMENT = '日工作表'; [ RunTime:0.0038s ]
SQL: SHOW TABLES [ RunTime:0.0127s ]
NOTIC: [8] Undefined index: name F:\php\WWW\smart\app\Home\Controller\IndexController.class.php 第 17 行.
INFO: [ view_parse ] --START--
INFO: [ template_filter ] --START--
INFO: Run Behavior\ContentReplaceBehavior [ RunTime:0.000072s ]
INFO: [ template_filter ] --END-- [ RunTime:0.000144s ]
INFO: Run Behavior\ParseTemplateBehavior [ RunTime:0.012349s ]
INFO: [ view_parse ] --END-- [ RunTime:0.012447s ]
INFO: [ view_filter ] --START--
INFO: Run Behavior\WriteHtmlCacheBehavior [ RunTime:0.000731s ]
INFO: [ view_filter ] --END-- [ RunTime:0.000786s ]

[ 2016-06-09T17:04:28+08:00 ] 127.0.0.1 /
INFO: [ app_init ] --START--
INFO: Run Behavior\BuildLiteBehavior [ RunTime:0.000012s ]
INFO: [ app_init ] --END-- [ RunTime:0.000489s ]
INFO: [ app_begin ] --START--
INFO: Run Behavior\ReadHtmlCacheBehavior [ RunTime:0.000619s ]
INFO: [ app_begin ] --END-- [ RunTime:0.000671s ]
SQL: CREATE TABLE IF NOT EXISTS `smart`.`smart_main_2016-06-09` ( `main_id` INT NOT NULL AUTO_INCREMENT COMMENT '自增id' , `main_date` VARCHAR(100) NOT NULL COMMENT '录入日期' , `main_wo` VARCHAR(100) NOT NULL COMMENT '工单号' , `main_add` VARCHAR(100) NULL COMMENT '无用' , `main_tel` TEXT NOT NULL COMMENT '手机号' , `main_address` CHAR(255) NOT NULL COMMENT '地址' , `main_nu` VARCHAR(100) NULL COMMENT '无用' , `main_ytime` DATETIME NOT NULL COMMENT '预约日期' , `main_ctime` DATETIME NOT NULL COMMENT '结单日期' , `main_cf` SMALLINT NOT NULL COMMENT '重复值' , `main_mark` VARCHAR(100) NOT NULL COMMENT '备注' , `main_status` CHAR(255) NOT NULL COMMENT '状态' , `main_res` TEXT NOT NULL COMMENT '提单结果' , `main_staff` VARCHAR(100) NOT NULL COMMENT '处理人员' , `main_type` VARCHAR(100) NOT NULL COMMENT '单子状态' , `main_yres` CHAR(100) NOT NULL COMMENT '预处理' , `main_yyb` TEXT NOT NULL COMMENT '预约信息2' , `main_tda` TEXT NOT NULL COMMENT '提单信息1' , `main_tdb` TEXT NOT NULL COMMENT '提单信息2' ,  `main_dosta` SMALLINT NOT NULL COMMENT '工单处理状态' ,PRIMARY KEY (`main_id`)) ENGINE = MyISAM COMMENT = '日工作表'; [ RunTime:0.0006s ]
SQL: SHOW TABLES [ RunTime:0.0128s ]
NOTIC: [8] Undefined index: name F:\php\WWW\smart\app\Home\Controller\IndexController.class.php 第 17 行.
INFO: [ view_parse ] --START--
INFO: [ template_filter ] --START--
INFO: Run Behavior\ContentReplaceBehavior [ RunTime:0.000087s ]
INFO: [ template_filter ] --END-- [ RunTime:0.000224s ]
INFO: Run Behavior\ParseTemplateBehavior [ RunTime:0.015776s ]
INFO: [ view_parse ] --END-- [ RunTime:0.015957s ]
INFO: [ view_filter ] --START--
INFO: Run Behavior\WriteHtmlCacheBehavior [ RunTime:0.001441s ]
INFO: [ view_filter ] --END-- [ RunTime:0.001597s ]

[ 2016-06-09T17:04:32+08:00 ] 127.0.0.1 /
INFO: [ app_init ] --START--
INFO: Run Behavior\BuildLiteBehavior [ RunTime:0.000011s ]
INFO: [ app_init ] --END-- [ RunTime:0.000577s ]
INFO: [ app_begin ] --START--
INFO: Run Behavior\ReadHtmlCacheBehavior [ RunTime:0.000624s ]
INFO: [ app_begin ] --END-- [ RunTime:0.000666s ]
SQL: CREATE TABLE IF NOT EXISTS `smart`.`smart_main_2016-06-09` ( `main_id` INT NOT NULL AUTO_INCREMENT COMMENT '自增id' , `main_date` VARCHAR(100) NOT NULL COMMENT '录入日期' , `main_wo` VARCHAR(100) NOT NULL COMMENT '工单号' , `main_add` VARCHAR(100) NULL COMMENT '无用' , `main_tel` TEXT NOT NULL COMMENT '手机号' , `main_address` CHAR(255) NOT NULL COMMENT '地址' , `main_nu` VARCHAR(100) NULL COMMENT '无用' , `main_ytime` DATETIME NOT NULL COMMENT '预约日期' , `main_ctime` DATETIME NOT NULL COMMENT '结单日期' , `main_cf` SMALLINT NOT NULL COMMENT '重复值' , `main_mark` VARCHAR(100) NOT NULL COMMENT '备注' , `main_status` CHAR(255) NOT NULL COMMENT '状态' , `main_res` TEXT NOT NULL COMMENT '提单结果' , `main_staff` VARCHAR(100) NOT NULL COMMENT '处理人员' , `main_type` VARCHAR(100) NOT NULL COMMENT '单子状态' , `main_yres` CHAR(100) NOT NULL COMMENT '预处理' , `main_yyb` TEXT NOT NULL COMMENT '预约信息2' , `main_tda` TEXT NOT NULL COMMENT '提单信息1' , `main_tdb` TEXT NOT NULL COMMENT '提单信息2' ,  `main_dosta` SMALLINT NOT NULL COMMENT '工单处理状态' ,PRIMARY KEY (`main_id`)) ENGINE = MyISAM COMMENT = '日工作表'; [ RunTime:0.0009s ]
SQL: SHOW TABLES [ RunTime:0.0106s ]
NOTIC: [8] Undefined index: name F:\php\WWW\smart\app\Home\Controller\IndexController.class.php 第 17 行.
INFO: [ view_parse ] --START--
INFO: [ template_filter ] --START--
INFO: Run Behavior\ContentReplaceBehavior [ RunTime:0.000086s ]
INFO: [ template_filter ] --END-- [ RunTime:0.000210s ]
INFO: Run Behavior\ParseTemplateBehavior [ RunTime:0.014224s ]
INFO: [ view_parse ] --END-- [ RunTime:0.014359s ]
INFO: [ view_filter ] --START--
INFO: Run Behavior\WriteHtmlCacheBehavior [ RunTime:0.000980s ]
INFO: [ view_filter ] --END-- [ RunTime:0.001056s ]

[ 2016-06-09T17:05:08+08:00 ] 127.0.0.1 /
INFO: [ app_init ] --START--
INFO: Run Behavior\BuildLiteBehavior [ RunTime:0.000038s ]
INFO: [ app_init ] --END-- [ RunTime:0.001487s ]
INFO: [ app_begin ] --START--
INFO: Run Behavior\ReadHtmlCacheBehavior [ RunTime:0.001660s ]
INFO: [ app_begin ] --END-- [ RunTime:0.001798s ]
SQL: CREATE TABLE IF NOT EXISTS `smart`.`smart_main_2016-06-09` ( `main_id` INT NOT NULL AUTO_INCREMENT COMMENT '自增id' , `main_date` VARCHAR(100) NOT NULL COMMENT '录入日期' , `main_wo` VARCHAR(100) NOT NULL COMMENT '工单号' , `main_add` VARCHAR(100) NULL COMMENT '无用' , `main_tel` TEXT NOT NULL COMMENT '手机号' , `main_address` CHAR(255) NOT NULL COMMENT '地址' , `main_nu` VARCHAR(100) NULL COMMENT '无用' , `main_ytime` DATETIME NOT NULL COMMENT '预约日期' , `main_ctime` DATETIME NOT NULL COMMENT '结单日期' , `main_cf` SMALLINT NOT NULL COMMENT '重复值' , `main_mark` VARCHAR(100) NOT NULL COMMENT '备注' , `main_status` CHAR(255) NOT NULL COMMENT '状态' , `main_res` TEXT NOT NULL COMMENT '提单结果' , `main_staff` VARCHAR(100) NOT NULL COMMENT '处理人员' , `main_type` VARCHAR(100) NOT NULL COMMENT '单子状态' , `main_yres` CHAR(100) NOT NULL COMMENT '预处理' , `main_yyb` TEXT NOT NULL COMMENT '预约信息2' , `main_tda` TEXT NOT NULL COMMENT '提单信息1' , `main_tdb` TEXT NOT NULL COMMENT '提单信息2' ,  `main_dosta` SMALLINT NOT NULL COMMENT '工单处理状态' ,PRIMARY KEY (`main_id`)) ENGINE = MyISAM COMMENT = '日工作表'; [ RunTime:0.0057s ]
SQL: SHOW TABLES [ RunTime:0.0152s ]
NOTIC: [8] Undefined index: name F:\php\WWW\smart\app\Home\Controller\IndexController.class.php 第 17 行.
INFO: [ view_parse ] --START--
INFO: [ template_filter ] --START--
INFO: Run Behavior\ContentReplaceBehavior [ RunTime:0.000182s ]
INFO: [ template_filter ] --END-- [ RunTime:0.000357s ]
INFO: Run Behavior\ParseTemplateBehavior [ RunTime:0.026095s ]
INFO: [ view_parse ] --END-- [ RunTime:0.026264s ]
INFO: [ view_filter ] --START--
INFO: Run Behavior\WriteHtmlCacheBehavior [ RunTime:0.001165s ]
INFO: [ view_filter ] --END-- [ RunTime:0.001265s ]

