[ 2016-06-01T13:30:48+08:00 ] ::1 /smart/
INFO: [ app_init ] --START--
INFO: Run Behavior\BuildLiteBehavior [ RunTime:0.000017s ]
INFO: [ app_init ] --END-- [ RunTime:0.000665s ]
INFO: [ app_begin ] --START--
INFO: Run Behavior\ReadHtmlCacheBehavior [ RunTime:0.000686s ]
INFO: [ app_begin ] --END-- [ RunTime:0.000727s ]
SQL: CREATE TABLE IF NOT EXISTS `smart`.`smart_main_2016-06-01` ( `main_id` INT NOT NULL AUTO_INCREMENT COMMENT '自增id' , `main_date` VARCHAR(100) NOT NULL COMMENT '录入日期' , `main_wo` VARCHAR(100) NOT NULL COMMENT '工单号' , `main_add` VARCHAR(100) NULL COMMENT '无用' , `main_tel` TEXT NOT NULL COMMENT '手机号' , `main_address` CHAR(255) NOT NULL COMMENT '地址' , `main_nu` VARCHAR(100) NULL COMMENT '无用' , `main_ytime` DATETIME NOT NULL COMMENT '预约日期' , `main_ctime` DATETIME NOT NULL COMMENT '结单日期' , `main_cf` SMALLINT NOT NULL COMMENT '重复值' , `main_mark` VARCHAR(100) NOT NULL COMMENT '备注' , `main_status` CHAR(255) NOT NULL COMMENT '状态' , `main_res` TEXT NOT NULL COMMENT '提单结果' , `main_staff` VARCHAR(100) NOT NULL COMMENT '处理人员' , `main_type` VARCHAR(100) NOT NULL COMMENT '单子状态' , `main_yres` CHAR(100) NOT NULL COMMENT '预处理' , `main_yyb` TEXT NOT NULL COMMENT '预约信息2' , `main_tda` TEXT NOT NULL COMMENT '提单信息1' , `main_tdb` TEXT NOT NULL COMMENT '提单信息2' ,  `main_dosta` SMALLINT NOT NULL COMMENT '工单处理状态' ,PRIMARY KEY (`main_id`)) ENGINE = MyISAM COMMENT = '日工作表'; [ RunTime:0.1118s ]
SQL: SHOW TABLES [ RunTime:0.0162s ]
NOTIC: [8] Undefined index: name F:\php\WWW\smart\app\Home\Controller\IndexController.class.php 第 17 行.
INFO: [ view_parse ] --START--
INFO: [ template_filter ] --START--
INFO: Run Behavior\ContentReplaceBehavior [ RunTime:0.000068s ]
INFO: [ template_filter ] --END-- [ RunTime:0.000131s ]
INFO: Run Behavior\ParseTemplateBehavior [ RunTime:0.011558s ]
INFO: [ view_parse ] --END-- [ RunTime:0.011619s ]
INFO: [ view_filter ] --START--
INFO: Run Behavior\WriteHtmlCacheBehavior [ RunTime:0.000772s ]
INFO: [ view_filter ] --END-- [ RunTime:0.000826s ]

[ 2016-06-01T14:54:54+08:00 ] ::1 /smart/
INFO: [ app_init ] --START--
INFO: Run Behavior\BuildLiteBehavior [ RunTime:0.000013s ]
INFO: [ app_init ] --END-- [ RunTime:0.000785s ]
INFO: [ app_begin ] --START--
INFO: Run Behavior\ReadHtmlCacheBehavior [ RunTime:0.000980s ]
INFO: [ app_begin ] --END-- [ RunTime:0.001051s ]
SQL: CREATE TABLE IF NOT EXISTS `smart`.`smart_main_2016-06-01` ( `main_id` INT NOT NULL AUTO_INCREMENT COMMENT '自增id' , `main_date` VARCHAR(100) NOT NULL COMMENT '录入日期' , `main_wo` VARCHAR(100) NOT NULL COMMENT '工单号' , `main_add` VARCHAR(100) NULL COMMENT '无用' , `main_tel` TEXT NOT NULL COMMENT '手机号' , `main_address` CHAR(255) NOT NULL COMMENT '地址' , `main_nu` VARCHAR(100) NULL COMMENT '无用' , `main_ytime` DATETIME NOT NULL COMMENT '预约日期' , `main_ctime` DATETIME NOT NULL COMMENT '结单日期' , `main_cf` SMALLINT NOT NULL COMMENT '重复值' , `main_mark` VARCHAR(100) NOT NULL COMMENT '备注' , `main_status` CHAR(255) NOT NULL COMMENT '状态' , `main_res` TEXT NOT NULL COMMENT '提单结果' , `main_staff` VARCHAR(100) NOT NULL COMMENT '处理人员' , `main_type` VARCHAR(100) NOT NULL COMMENT '单子状态' , `main_yres` CHAR(100) NOT NULL COMMENT '预处理' , `main_yyb` TEXT NOT NULL COMMENT '预约信息2' , `main_tda` TEXT NOT NULL COMMENT '提单信息1' , `main_tdb` TEXT NOT NULL COMMENT '提单信息2' ,  `main_dosta` SMALLINT NOT NULL COMMENT '工单处理状态' ,PRIMARY KEY (`main_id`)) ENGINE = MyISAM COMMENT = '日工作表'; [ RunTime:0.0015s ]
SQL: SHOW TABLES [ RunTime:0.0057s ]
NOTIC: [8] Undefined index: name F:\php\WWW\smart\app\Home\Controller\IndexController.class.php 第 17 行.
INFO: [ view_parse ] --START--
INFO: [ template_filter ] --START--
INFO: Run Behavior\ContentReplaceBehavior [ RunTime:0.000041s ]
INFO: [ template_filter ] --END-- [ RunTime:0.000110s ]
INFO: Run Behavior\ParseTemplateBehavior [ RunTime:0.008940s ]
INFO: [ view_parse ] --END-- [ RunTime:0.008996s ]
INFO: [ view_filter ] --START--
INFO: Run Behavior\WriteHtmlCacheBehavior [ RunTime:0.000595s ]
INFO: [ view_filter ] --END-- [ RunTime:0.000629s ]

[ 2016-06-01T23:02:10+08:00 ] ::1 /smart/
INFO: [ app_init ] --START--
INFO: Run Behavior\BuildLiteBehavior [ RunTime:0.000055s ]
INFO: [ app_init ] --END-- [ RunTime:0.010100s ]
INFO: [ app_begin ] --START--
INFO: Run Behavior\ReadHtmlCacheBehavior [ RunTime:0.013485s ]
INFO: [ app_begin ] --END-- [ RunTime:0.013657s ]
SQL: CREATE TABLE IF NOT EXISTS `smart`.`smart_main_2016-06-01` ( `main_id` INT NOT NULL AUTO_INCREMENT COMMENT '自增id' , `main_date` VARCHAR(100) NOT NULL COMMENT '录入日期' , `main_wo` VARCHAR(100) NOT NULL COMMENT '工单号' , `main_add` VARCHAR(100) NULL COMMENT '无用' , `main_tel` TEXT NOT NULL COMMENT '手机号' , `main_address` CHAR(255) NOT NULL COMMENT '地址' , `main_nu` VARCHAR(100) NULL COMMENT '无用' , `main_ytime` DATETIME NOT NULL COMMENT '预约日期' , `main_ctime` DATETIME NOT NULL COMMENT '结单日期' , `main_cf` SMALLINT NOT NULL COMMENT '重复值' , `main_mark` VARCHAR(100) NOT NULL COMMENT '备注' , `main_status` CHAR(255) NOT NULL COMMENT '状态' , `main_res` TEXT NOT NULL COMMENT '提单结果' , `main_staff` VARCHAR(100) NOT NULL COMMENT '处理人员' , `main_type` VARCHAR(100) NOT NULL COMMENT '单子状态' , `main_yres` CHAR(100) NOT NULL COMMENT '预处理' , `main_yyb` TEXT NOT NULL COMMENT '预约信息2' , `main_tda` TEXT NOT NULL COMMENT '提单信息1' , `main_tdb` TEXT NOT NULL COMMENT '提单信息2' ,  `main_dosta` SMALLINT NOT NULL COMMENT '工单处理状态' ,PRIMARY KEY (`main_id`)) ENGINE = MyISAM COMMENT = '日工作表'; [ RunTime:0.1096s ]
SQL: SHOW TABLES [ RunTime:0.0303s ]
NOTIC: [8] Undefined index: name F:\php\WWW\smart\app\Home\Controller\IndexController.class.php 第 17 行.
INFO: [ view_parse ] --START--
INFO: [ template_filter ] --START--
INFO: Run Behavior\ContentReplaceBehavior [ RunTime:0.016308s ]
INFO: [ template_filter ] --END-- [ RunTime:0.016525s ]
INFO: Run Behavior\ParseTemplateBehavior [ RunTime:0.150892s ]
INFO: [ view_parse ] --END-- [ RunTime:0.151044s ]
INFO: [ view_filter ] --START--
INFO: Run Behavior\WriteHtmlCacheBehavior [ RunTime:0.017319s ]
INFO: [ view_filter ] --END-- [ RunTime:0.017454s ]

[ 2016-06-01T23:02:16+08:00 ] ::1 /smart/Home/Login/login?action=login&name=admin&pwd=admin
INFO: [ app_init ] --START--
INFO: Run Behavior\BuildLiteBehavior [ RunTime:0.000015s ]
INFO: [ app_init ] --END-- [ RunTime:0.000886s ]
INFO: [ app_begin ] --START--
INFO: Run Behavior\ReadHtmlCacheBehavior [ RunTime:0.001017s ]
INFO: [ app_begin ] --END-- [ RunTime:0.001072s ]
SQL: SHOW COLUMNS FROM `smart_user` [ RunTime:0.6065s ]
SQL: SELECT `user_bck` FROM `smart_user` WHERE ( user_name='admin' AND user_pwd='d033e22ae348aeb5660fc2140aec35850c4da997' ) LIMIT 1   [ RunTime:0.0084s ]
INFO: [ app_end ] --START--
INFO: Run Behavior\ShowPageTraceBehavior [ RunTime:0.029507s ]
INFO: [ app_end ] --END-- [ RunTime:0.029665s ]

[ 2016-06-01T23:02:16+08:00 ] ::1 /smart/Home/Login/choose
INFO: [ app_init ] --START--
INFO: Run Behavior\BuildLiteBehavior [ RunTime:0.000013s ]
INFO: [ app_init ] --END-- [ RunTime:0.000743s ]
INFO: [ app_begin ] --START--
INFO: Run Behavior\ReadHtmlCacheBehavior [ RunTime:0.000737s ]
INFO: [ app_begin ] --END-- [ RunTime:0.000784s ]
NOTIC: [8] Undefined index: chtype F:\php\WWW\smart\app\Home\Controller\LoginController.class.php 第 43 行.
NOTIC: [8] Undefined index: chtype F:\php\WWW\smart\app\Home\Controller\LoginController.class.php 第 47 行.
INFO: [ view_parse ] --START--
INFO: [ template_filter ] --START--
INFO: Run Behavior\ContentReplaceBehavior [ RunTime:0.000107s ]
INFO: [ template_filter ] --END-- [ RunTime:0.000246s ]
INFO: Run Behavior\ParseTemplateBehavior [ RunTime:0.045094s ]
INFO: [ view_parse ] --END-- [ RunTime:0.045199s ]
INFO: [ view_filter ] --START--
INFO: Run Behavior\WriteHtmlCacheBehavior [ RunTime:0.001485s ]
INFO: [ view_filter ] --END-- [ RunTime:0.001592s ]
INFO: [ app_end ] --START--
INFO: Run Behavior\ShowPageTraceBehavior [ RunTime:0.002067s ]
INFO: [ app_end ] --END-- [ RunTime:0.002177s ]

[ 2016-06-01T23:02:20+08:00 ] ::1 /smart/Home/Login/chtype?chtype=%E9%A2%84%E7%BA%A6
INFO: [ app_init ] --START--
INFO: Run Behavior\BuildLiteBehavior [ RunTime:0.000010s ]
INFO: [ app_init ] --END-- [ RunTime:0.000562s ]
INFO: [ app_begin ] --START--
INFO: Run Behavior\ReadHtmlCacheBehavior [ RunTime:0.000636s ]
INFO: [ app_begin ] --END-- [ RunTime:0.000669s ]
INFO: [ app_end ] --START--
INFO: Run Behavior\ShowPageTraceBehavior [ RunTime:0.000725s ]
INFO: [ app_end ] --END-- [ RunTime:0.000773s ]

[ 2016-06-01T23:02:21+08:00 ] ::1 /smart/Home/Login/config?info=config
INFO: [ app_init ] --START--
INFO: Run Behavior\BuildLiteBehavior [ RunTime:0.000017s ]
INFO: [ app_init ] --END-- [ RunTime:0.001003s ]
INFO: [ app_begin ] --START--
INFO: Run Behavior\ReadHtmlCacheBehavior [ RunTime:0.001145s ]
INFO: [ app_begin ] --END-- [ RunTime:0.001212s ]
INFO: [ app_end ] --START--
INFO: Run Behavior\ShowPageTraceBehavior [ RunTime:0.002652s ]
INFO: [ app_end ] --END-- [ RunTime:0.002812s ]

[ 2016-06-01T23:02:22+08:00 ] ::1 /smart/Home
INFO: [ app_init ] --START--
INFO: Run Behavior\BuildLiteBehavior [ RunTime:0.000017s ]
INFO: [ app_init ] --END-- [ RunTime:0.000949s ]
INFO: [ app_begin ] --START--
INFO: Run Behavior\ReadHtmlCacheBehavior [ RunTime:0.000957s ]
INFO: [ app_begin ] --END-- [ RunTime:0.001030s ]
SQL: CREATE TABLE IF NOT EXISTS `smart`.`smart_main_2016-06-01` ( `main_id` INT NOT NULL AUTO_INCREMENT COMMENT '自增id' , `main_date` VARCHAR(100) NOT NULL COMMENT '录入日期' , `main_wo` VARCHAR(100) NOT NULL COMMENT '工单号' , `main_add` VARCHAR(100) NULL COMMENT '无用' , `main_tel` TEXT NOT NULL COMMENT '手机号' , `main_address` CHAR(255) NOT NULL COMMENT '地址' , `main_nu` VARCHAR(100) NULL COMMENT '无用' , `main_ytime` DATETIME NOT NULL COMMENT '预约日期' , `main_ctime` DATETIME NOT NULL COMMENT '结单日期' , `main_cf` SMALLINT NOT NULL COMMENT '重复值' , `main_mark` VARCHAR(100) NOT NULL COMMENT '备注' , `main_status` CHAR(255) NOT NULL COMMENT '状态' , `main_res` TEXT NOT NULL COMMENT '提单结果' , `main_staff` VARCHAR(100) NOT NULL COMMENT '处理人员' , `main_type` VARCHAR(100) NOT NULL COMMENT '单子状态' , `main_yres` CHAR(100) NOT NULL COMMENT '预处理' , `main_yyb` TEXT NOT NULL COMMENT '预约信息2' , `main_tda` TEXT NOT NULL COMMENT '提单信息1' , `main_tdb` TEXT NOT NULL COMMENT '提单信息2' ,  `main_dosta` SMALLINT NOT NULL COMMENT '工单处理状态' ,PRIMARY KEY (`main_id`)) ENGINE = MyISAM COMMENT = '日工作表'; [ RunTime:0.0009s ]
SQL: SHOW TABLES [ RunTime:0.0101s ]
INFO: [ view_parse ] --START--
INFO: [ template_filter ] --START--
INFO: Run Behavior\ContentReplaceBehavior [ RunTime:0.000219s ]
INFO: [ template_filter ] --END-- [ RunTime:0.000353s ]
SQL: SHOW COLUMNS FROM `smart_main_2016-06-01` [ RunTime:0.0131s ]
SQL: SELECT `main_staff` FROM `smart_main_2016-06-01`  [ RunTime:0.0005s ]
NOTIC: [8] Undefined variable: staff F:\php\WWW\smart\app\Home\Widget\TdtableWidget.class.php 第 28 行.
NOTIC: [2] array_unique() expects parameter 1 to be array, null given F:\php\WWW\smart\app\Home\Widget\TdtableWidget.class.php 第 28 行.
NOTIC: [2] Invalid argument supplied for foreach() F:\php\WWW\smart\app\Home\Widget\TdtableWidget.class.php 第 30 行.
SQL: SELECT * FROM `smart_main_2016-06-01` WHERE ( main_type='已派发' AND main_dosta!=1 ) ORDER BY main_ctime ASC  [ RunTime:0.0013s ]
SQL: SELECT * FROM `smart_main_2016-06-01` WHERE ( main_dosta=1 ) ORDER BY main_ctime ASC  [ RunTime:0.0011s ]
INFO: Run Behavior\ParseTemplateBehavior [ RunTime:0.159262s ]
INFO: [ view_parse ] --END-- [ RunTime:0.159510s ]
INFO: [ view_filter ] --START--
INFO: Run Behavior\WriteHtmlCacheBehavior [ RunTime:0.001885s ]
INFO: [ view_filter ] --END-- [ RunTime:0.001995s ]
INFO: [ app_end ] --START--
INFO: Run Behavior\ShowPageTraceBehavior [ RunTime:0.002031s ]
INFO: [ app_end ] --END-- [ RunTime:0.002155s ]

[ 2016-06-01T23:02:24+08:00 ] ::1 /smart/Home/Base/getblnum
INFO: [ app_init ] --START--
INFO: Run Behavior\BuildLiteBehavior [ RunTime:0.000012s ]
INFO: [ app_init ] --END-- [ RunTime:0.000543s ]
INFO: [ app_begin ] --START--
INFO: Run Behavior\ReadHtmlCacheBehavior [ RunTime:0.000697s ]
INFO: [ app_begin ] --END-- [ RunTime:0.000751s ]
SQL: SHOW COLUMNS FROM `smart_main_2016-06-01` [ RunTime:0.0161s ]
SQL: SELECT COUNT(*) AS tp_count FROM `smart_main_2016-06-01` LIMIT 1   [ RunTime:0.1843s ]
SQL: SELECT COUNT(*) AS tp_count FROM `smart_main_2016-06-01` WHERE ( main_type='已派发' ) LIMIT 1   [ RunTime:0.0010s ]
INFO: [ app_end ] --START--
INFO: Run Behavior\ShowPageTraceBehavior [ RunTime:0.002304s ]
INFO: [ app_end ] --END-- [ RunTime:0.002417s ]

