[ 2016-11-01T13:31:46+08:00 ] 127.0.0.1 /smart/Public/Images/logimg.jpg
INFO: [ app_init ] --START--
INFO: Run Behavior\BuildLiteBehavior [ RunTime:0.000015s ]
INFO: [ app_init ] --END-- [ RunTime:0.000689s ]
ERR: 无法加载模块:Smart

[ 2016-11-01T13:31:46+08:00 ] 127.0.0.1 /favicon.ico
INFO: [ app_init ] --START--
INFO: Run Behavior\BuildLiteBehavior [ RunTime:0.000010s ]
INFO: [ app_init ] --END-- [ RunTime:0.000444s ]
ERR: 无法加载模块:Favicon

[ 2016-11-01T13:31:46+08:00 ] 127.0.0.1 /favicon.ico
INFO: [ app_init ] --START--
INFO: Run Behavior\BuildLiteBehavior [ RunTime:0.000011s ]
INFO: [ app_init ] --END-- [ RunTime:0.000482s ]
ERR: 无法加载模块:Favicon

[ 2016-11-01T13:33:17+08:00 ] 127.0.0.1 /smart/Public/Images/logimg.jpg
INFO: [ app_init ] --START--
INFO: Run Behavior\BuildLiteBehavior [ RunTime:0.000015s ]
INFO: [ app_init ] --END-- [ RunTime:0.000504s ]
ERR: 无法加载模块:Smart

[ 2016-11-01T13:33:29+08:00 ] 127.0.0.1 /smart/Public/Images/logimg.jpg
INFO: [ app_init ] --START--
INFO: Run Behavior\BuildLiteBehavior [ RunTime:0.000011s ]
INFO: [ app_init ] --END-- [ RunTime:0.000464s ]
ERR: 无法加载模块:Smart

[ 2016-11-01T16:48:11+08:00 ] 127.0.0.1 /smart/Public/Images/logimg.jpg
INFO: [ app_init ] --START--
INFO: Run Behavior\BuildLiteBehavior [ RunTime:0.000011s ]
INFO: [ app_init ] --END-- [ RunTime:0.000461s ]
ERR: 无法加载模块:Smart

[ 2016-11-01T16:48:18+08:00 ] 127.0.0.1 /smart/Home/Login/login?action=login&name=admin&pwd=smart
INFO: [ app_init ] --START--
INFO: Run Behavior\BuildLiteBehavior [ RunTime:0.000011s ]
INFO: [ app_init ] --END-- [ RunTime:0.000525s ]
ERR: 无法加载模块:Smart

[ 2016-11-01T16:48:27+08:00 ] 127.0.0.1 /smart/Public/Images/logimg.jpg
INFO: [ app_init ] --START--
INFO: Run Behavior\BuildLiteBehavior [ RunTime:0.000012s ]
INFO: [ app_init ] --END-- [ RunTime:0.000683s ]
ERR: 无法加载模块:Smart

[ 2016-11-01T16:48:34+08:00 ] 127.0.0.1 /smart/Home/Login/login?action=login&name=admin&pwd=admin
INFO: [ app_init ] --START--
INFO: Run Behavior\BuildLiteBehavior [ RunTime:0.000013s ]
INFO: [ app_init ] --END-- [ RunTime:0.000652s ]
ERR: 无法加载模块:Smart

[ 2016-11-01T16:48:51+08:00 ] 127.0.0.1 /smart/Home/Login/login?action=login&name=admin&pwd=admin
INFO: [ app_init ] --START--
INFO: Run Behavior\BuildLiteBehavior [ RunTime:0.000010s ]
INFO: [ app_init ] --END-- [ RunTime:0.000486s ]
ERR: 无法加载模块:Smart

[ 2016-11-01T16:53:11+08:00 ] 127.0.0.1 /smart/Public/Images/logimg.jpg
INFO: [ app_init ] --START--
INFO: Run Behavior\BuildLiteBehavior [ RunTime:0.000012s ]
INFO: [ app_init ] --END-- [ RunTime:0.000535s ]
ERR: 无法加载模块:Smart

[ 2016-11-01T16:53:26+08:00 ] 127.0.0.1 /smart/Public/Images/choose.jpg
INFO: [ app_init ] --START--
INFO: Run Behavior\BuildLiteBehavior [ RunTime:0.000012s ]
INFO: [ app_init ] --END-- [ RunTime:0.000532s ]
ERR: 无法加载模块:Smart

[ 2016-11-01T16:53:33+08:00 ] 127.0.0.1 /smart/Public/Images/modal.jpg
INFO: [ app_init ] --START--
INFO: Run Behavior\BuildLiteBehavior [ RunTime:0.000011s ]
INFO: [ app_init ] --END-- [ RunTime:0.000468s ]
ERR: 无法加载模块:Smart

[ 2016-11-01T16:55:23+08:00 ] 127.0.0.1 /smart/Public/Images/mainimg.jpg
INFO: [ app_init ] --START--
INFO: Run Behavior\BuildLiteBehavior [ RunTime:0.000011s ]
INFO: [ app_init ] --END-- [ RunTime:0.000450s ]
ERR: 无法加载模块:Smart

[ 2016-11-01T16:55:23+08:00 ] 127.0.0.1 /smart/Public/Images/fixedgd.jpg
INFO: [ app_init ] --START--
INFO: Run Behavior\BuildLiteBehavior [ RunTime:0.000011s ]
INFO: [ app_init ] --END-- [ RunTime:0.000499s ]
ERR: 无法加载模块:Smart

[ 2016-11-01T16:55:52+08:00 ] 127.0.0.1 /smart/Home/Login/index
INFO: [ app_init ] --START--
INFO: Run Behavior\BuildLiteBehavior [ RunTime:0.000011s ]
INFO: [ app_init ] --END-- [ RunTime:0.000437s ]
ERR: 无法加载模块:Smart

[ 2016-11-01T16:59:07+08:00 ] 127.0.0.1 /smart/Public/Images/logimg.jpg
INFO: [ app_init ] --START--
INFO: Run Behavior\BuildLiteBehavior [ RunTime:0.000015s ]
INFO: [ app_init ] --END-- [ RunTime:0.000734s ]
ERR: 无法加载模块:Smart

[ 2016-11-01T16:59:18+08:00 ] 127.0.0.1 /smart/Public/Images/choose.jpg
INFO: [ app_init ] --START--
INFO: Run Behavior\BuildLiteBehavior [ RunTime:0.000011s ]
INFO: [ app_init ] --END-- [ RunTime:0.000455s ]
ERR: 无法加载模块:Smart

[ 2016-11-01T16:59:19+08:00 ] 127.0.0.1 /smart/Public/Images/modal.jpg
INFO: [ app_init ] --START--
INFO: Run Behavior\BuildLiteBehavior [ RunTime:0.000016s ]
INFO: [ app_init ] --END-- [ RunTime:0.000688s ]
ERR: 无法加载模块:Smart

[ 2016-11-01T17:01:17+08:00 ] 127.0.0.1 /smart/Public/Images/mainimg.jpg
INFO: [ app_init ] --START--
INFO: Run Behavior\BuildLiteBehavior [ RunTime:0.000042s ]
INFO: [ app_init ] --END-- [ RunTime:0.002963s ]
ERR: 无法加载模块:Smart

[ 2016-11-01T17:01:17+08:00 ] 127.0.0.1 /smart/Public/Images/fixedgd.jpg
INFO: [ app_init ] --START--
INFO: Run Behavior\BuildLiteBehavior [ RunTime:0.000038s ]
INFO: [ app_init ] --END-- [ RunTime:0.002387s ]
ERR: 无法加载模块:Smart

[ 2016-11-01T17:01:21+08:00 ] 127.0.0.1 /smart/Home/Login/index
INFO: [ app_init ] --START--
INFO: Run Behavior\BuildLiteBehavior [ RunTime:0.000027s ]
INFO: [ app_init ] --END-- [ RunTime:0.001325s ]
ERR: 无法加载模块:Smart

[ 2016-11-01T17:02:09+08:00 ] 127.0.0.1 /smart/Public/Images/mainimg.jpg
INFO: [ app_init ] --START--
INFO: Run Behavior\BuildLiteBehavior [ RunTime:0.000014s ]
INFO: [ app_init ] --END-- [ RunTime:0.000596s ]
ERR: 无法加载模块:Smart

[ 2016-11-01T17:02:10+08:00 ] 127.0.0.1 /smart/Public/Images/fixedgd.jpg
INFO: [ app_init ] --START--
INFO: Run Behavior\BuildLiteBehavior [ RunTime:0.000017s ]
INFO: [ app_init ] --END-- [ RunTime:0.000579s ]
ERR: 无法加载模块:Smart

[ 2016-11-01T17:02:10+08:00 ] 127.0.0.1 /smart/Home/Login/index
INFO: [ app_init ] --START--
INFO: Run Behavior\BuildLiteBehavior [ RunTime:0.000017s ]
INFO: [ app_init ] --END-- [ RunTime:0.000786s ]
ERR: 无法加载模块:Smart

[ 2016-11-01T17:02:13+08:00 ] 127.0.0.1 /smart/Public/Images/mainimg.jpg
INFO: [ app_init ] --START--
INFO: Run Behavior\BuildLiteBehavior [ RunTime:0.000011s ]
INFO: [ app_init ] --END-- [ RunTime:0.000484s ]
ERR: 无法加载模块:Smart

[ 2016-11-01T17:02:13+08:00 ] 127.0.0.1 /smart/Public/Images/fixedgd.jpg
INFO: [ app_init ] --START--
INFO: Run Behavior\BuildLiteBehavior [ RunTime:0.000017s ]
INFO: [ app_init ] --END-- [ RunTime:0.000707s ]
ERR: 无法加载模块:Smart

[ 2016-11-01T17:02:16+08:00 ] 127.0.0.1 /smart/Public/Images/logimg.jpg
INFO: [ app_init ] --START--
INFO: Run Behavior\BuildLiteBehavior [ RunTime:0.000011s ]
INFO: [ app_init ] --END-- [ RunTime:0.000565s ]
ERR: 无法加载模块:Smart

[ 2016-11-01T17:02:24+08:00 ] 127.0.0.1 /smart/Public/Images/choose.jpg
INFO: [ app_init ] --START--
INFO: Run Behavior\BuildLiteBehavior [ RunTime:0.000015s ]
INFO: [ app_init ] --END-- [ RunTime:0.000692s ]
ERR: 无法加载模块:Smart

[ 2016-11-01T17:02:26+08:00 ] 127.0.0.1 /smart/Public/Images/modal.jpg
INFO: [ app_init ] --START--
INFO: Run Behavior\BuildLiteBehavior [ RunTime:0.000014s ]
INFO: [ app_init ] --END-- [ RunTime:0.000680s ]
ERR: 无法加载模块:Smart

[ 2016-11-01T17:02:30+08:00 ] 127.0.0.1 /smart/Public/Images/mainimg.jpg
INFO: [ app_init ] --START--
INFO: Run Behavior\BuildLiteBehavior [ RunTime:0.000011s ]
INFO: [ app_init ] --END-- [ RunTime:0.000449s ]
ERR: 无法加载模块:Smart

[ 2016-11-01T17:02:30+08:00 ] 127.0.0.1 /smart/Public/Images/fixedgd.jpg
INFO: [ app_init ] --START--
INFO: Run Behavior\BuildLiteBehavior [ RunTime:0.000010s ]
INFO: [ app_init ] --END-- [ RunTime:0.000458s ]
ERR: 无法加载模块:Smart

[ 2016-11-01T17:02:33+08:00 ] 127.0.0.1 /smart/Home/Login/index
INFO: [ app_init ] --START--
INFO: Run Behavior\BuildLiteBehavior [ RunTime:0.000012s ]
INFO: [ app_init ] --END-- [ RunTime:0.000487s ]
ERR: 无法加载模块:Smart

[ 2016-11-01T17:02:45+08:00 ] 127.0.0.1 /smart/Home/Login/index
INFO: [ app_init ] --START--
INFO: Run Behavior\BuildLiteBehavior [ RunTime:0.000011s ]
INFO: [ app_init ] --END-- [ RunTime:0.000470s ]
ERR: 无法加载模块:Smart

[ 2016-11-01T17:02:49+08:00 ] 127.0.0.1 /smart/Public/Images/mainimg.jpg
INFO: [ app_init ] --START--
INFO: Run Behavior\BuildLiteBehavior [ RunTime:0.000012s ]
INFO: [ app_init ] --END-- [ RunTime:0.000482s ]
ERR: 无法加载模块:Smart

[ 2016-11-01T17:02:49+08:00 ] 127.0.0.1 /smart/Public/Images/fixedgd.jpg
INFO: [ app_init ] --START--
INFO: Run Behavior\BuildLiteBehavior [ RunTime:0.000017s ]
INFO: [ app_init ] --END-- [ RunTime:0.000743s ]
ERR: 无法加载模块:Smart

[ 2016-11-01T17:08:20+08:00 ] 127.0.0.1 /smart/Public/Images/logimg.jpg
INFO: [ app_init ] --START--
INFO: Run Behavior\BuildLiteBehavior [ RunTime:0.000041s ]
INFO: [ app_init ] --END-- [ RunTime:0.001996s ]
ERR: 无法加载模块:Smart

[ 2016-11-01T17:08:37+08:00 ] 127.0.0.1 /smart/Public/Images/choose.jpg
INFO: [ app_init ] --START--
INFO: Run Behavior\BuildLiteBehavior [ RunTime:0.000014s ]
INFO: [ app_init ] --END-- [ RunTime:0.000659s ]
ERR: 无法加载模块:Smart

[ 2016-11-01T17:08:41+08:00 ] 127.0.0.1 /smart/Public/Images/bl.jpg
INFO: [ app_init ] --START--
INFO: Run Behavior\BuildLiteBehavior [ RunTime:0.000011s ]
INFO: [ app_init ] --END-- [ RunTime:0.000455s ]
ERR: 无法加载模块:Smart

[ 2016-11-01T17:08:41+08:00 ] 127.0.0.1 /smart/Public/Images/fixedgd.jpg
INFO: [ app_init ] --START--
INFO: Run Behavior\BuildLiteBehavior [ RunTime:0.000011s ]
INFO: [ app_init ] --END-- [ RunTime:0.000496s ]
ERR: 无法加载模块:Smart

[ 2016-11-01T17:08:48+08:00 ] 127.0.0.1 /smart/Home/Staff/admin.html
INFO: [ app_init ] --START--
INFO: Run Behavior\BuildLiteBehavior [ RunTime:0.000011s ]
INFO: [ app_init ] --END-- [ RunTime:0.000454s ]
ERR: 无法加载模块:Smart

[ 2016-11-01T17:09:41+08:00 ] 127.0.0.1 /smart/Public/Images/bl.jpg
INFO: [ app_init ] --START--
INFO: Run Behavior\BuildLiteBehavior [ RunTime:0.000016s ]
INFO: [ app_init ] --END-- [ RunTime:0.000554s ]
ERR: 无法加载模块:Smart

[ 2016-11-01T17:09:42+08:00 ] 127.0.0.1 /smart/Public/Images/fixedgd.jpg
INFO: [ app_init ] --START--
INFO: Run Behavior\BuildLiteBehavior [ RunTime:0.000011s ]
INFO: [ app_init ] --END-- [ RunTime:0.000538s ]
ERR: 无法加载模块:Smart

[ 2016-11-01T17:11:39+08:00 ] 127.0.0.1 /smart/Home/Modal/importwh
INFO: [ app_init ] --START--
INFO: Run Behavior\BuildLiteBehavior [ RunTime:0.000029s ]
INFO: [ app_init ] --END-- [ RunTime:0.001755s ]
ERR: 无法加载模块:Smart

[ 2016-11-01T17:13:42+08:00 ] 127.0.0.1 /smart/Public/Images/bl.jpg
INFO: [ app_init ] --START--
INFO: Run Behavior\BuildLiteBehavior [ RunTime:0.000040s ]
INFO: [ app_init ] --END-- [ RunTime:0.002445s ]
ERR: 无法加载模块:Smart

[ 2016-11-01T17:13:42+08:00 ] 127.0.0.1 /smart/Public/Images/fixedgd.jpg
INFO: [ app_init ] --START--
INFO: Run Behavior\BuildLiteBehavior [ RunTime:0.000037s ]
INFO: [ app_init ] --END-- [ RunTime:0.002424s ]
ERR: 无法加载模块:Smart

[ 2016-11-01T17:13:50+08:00 ] 127.0.0.1 /smart/Public/Images/admin.jpg
INFO: [ app_init ] --START--
INFO: Run Behavior\BuildLiteBehavior [ RunTime:0.000027s ]
INFO: [ app_init ] --END-- [ RunTime:0.001468s ]
ERR: 无法加载模块:Smart

[ 2016-11-01T17:13:57+08:00 ] 127.0.0.1 /smart/Public/Images/modal.jpg
INFO: [ app_init ] --START--
INFO: Run Behavior\BuildLiteBehavior [ RunTime:0.000012s ]
INFO: [ app_init ] --END-- [ RunTime:0.000507s ]
ERR: 无法加载模块:Smart

[ 2016-11-01T17:14:15+08:00 ] 127.0.0.1 /smart/Public/Images/info.jpg
INFO: [ app_init ] --START--
INFO: Run Behavior\BuildLiteBehavior [ RunTime:0.000011s ]
INFO: [ app_init ] --END-- [ RunTime:0.000513s ]
ERR: 无法加载模块:Smart

[ 2016-11-01T17:14:15+08:00 ] 127.0.0.1 /smart/Public/Images/fixedgd.jpg
INFO: [ app_init ] --START--
INFO: Run Behavior\BuildLiteBehavior [ RunTime:0.000019s ]
INFO: [ app_init ] --END-- [ RunTime:0.000703s ]
ERR: 无法加载模块:Smart

[ 2016-11-01T17:16:10+08:00 ] 127.0.0.1 /smart/Public/Images/bl.jpg
INFO: [ app_init ] --START--
INFO: Run Behavior\BuildLiteBehavior [ RunTime:0.000016s ]
INFO: [ app_init ] --END-- [ RunTime:0.000901s ]
ERR: 无法加载模块:Smart

[ 2016-11-01T17:16:11+08:00 ] 127.0.0.1 /smart/Public/Images/fixedgd.jpg
INFO: [ app_init ] --START--
INFO: Run Behavior\BuildLiteBehavior [ RunTime:0.000020s ]
INFO: [ app_init ] --END-- [ RunTime:0.000692s ]
ERR: 无法加载模块:Smart

[ 2016-11-01T17:16:12+08:00 ] 127.0.0.1 /favicon.ico
INFO: [ app_init ] --START--
INFO: Run Behavior\BuildLiteBehavior [ RunTime:0.000012s ]
INFO: [ app_init ] --END-- [ RunTime:0.000504s ]
ERR: 无法加载模块:Favicon

[ 2016-11-01T17:16:12+08:00 ] 127.0.0.1 /favicon.ico
INFO: [ app_init ] --START--
INFO: Run Behavior\BuildLiteBehavior [ RunTime:0.000010s ]
INFO: [ app_init ] --END-- [ RunTime:0.000436s ]
ERR: 无法加载模块:Favicon

[ 2016-11-01T17:16:14+08:00 ] 127.0.0.1 /smart/Public/Images/modal.jpg
INFO: [ app_init ] --START--
INFO: Run Behavior\BuildLiteBehavior [ RunTime:0.000011s ]
INFO: [ app_init ] --END-- [ RunTime:0.000504s ]
ERR: 无法加载模块:Smart

[ 2016-11-01T17:19:46+08:00 ] 127.0.0.1 /smart/Public/Images/bl.jpg
INFO: [ app_init ] --START--
INFO: Run Behavior\BuildLiteBehavior [ RunTime:0.000011s ]
INFO: [ app_init ] --END-- [ RunTime:0.000454s ]
ERR: 无法加载模块:Smart

[ 2016-11-01T17:19:47+08:00 ] 127.0.0.1 /smart/Public/Images/fixedgd.jpg
INFO: [ app_init ] --START--
INFO: Run Behavior\BuildLiteBehavior [ RunTime:0.000017s ]
INFO: [ app_init ] --END-- [ RunTime:0.000675s ]
ERR: 无法加载模块:Smart

[ 2016-11-01T17:19:50+08:00 ] 127.0.0.1 /smart/Public/Images/info.jpg
INFO: [ app_init ] --START--
INFO: Run Behavior\BuildLiteBehavior [ RunTime:0.000016s ]
INFO: [ app_init ] --END-- [ RunTime:0.000726s ]
ERR: 无法加载模块:Smart

[ 2016-11-01T17:19:50+08:00 ] 127.0.0.1 /smart/Public/Images/fixedgd.jpg
INFO: [ app_init ] --START--
INFO: Run Behavior\BuildLiteBehavior [ RunTime:0.000013s ]
INFO: [ app_init ] --END-- [ RunTime:0.000501s ]
ERR: 无法加载模块:Smart

[ 2016-11-01T17:20:21+08:00 ] 127.0.0.1 /smart/Public/Images/admin.jpg
INFO: [ app_init ] --START--
INFO: Run Behavior\BuildLiteBehavior [ RunTime:0.000012s ]
INFO: [ app_init ] --END-- [ RunTime:0.000560s ]
ERR: 无法加载模块:Smart

[ 2016-11-01T17:21:23+08:00 ] 127.0.0.1 /smart/Public/Images/bl.jpg
INFO: [ app_init ] --START--
INFO: Run Behavior\BuildLiteBehavior [ RunTime:0.000015s ]
INFO: [ app_init ] --END-- [ RunTime:0.000623s ]
ERR: 无法加载模块:Smart

[ 2016-11-01T17:21:23+08:00 ] 127.0.0.1 /smart/Public/Images/fixedgd.jpg
INFO: [ app_init ] --START--
INFO: Run Behavior\BuildLiteBehavior [ RunTime:0.000011s ]
INFO: [ app_init ] --END-- [ RunTime:0.000452s ]
ERR: 无法加载模块:Smart

[ 2016-11-01T17:21:28+08:00 ] 127.0.0.1 /smart/Public/Images/modal.jpg
INFO: [ app_init ] --START--
INFO: Run Behavior\BuildLiteBehavior [ RunTime:0.000011s ]
INFO: [ app_init ] --END-- [ RunTime:0.000463s ]
ERR: 无法加载模块:Smart

[ 2016-11-01T17:21:44+08:00 ] 127.0.0.1 /smart/Public/Images/bl.jpg
INFO: [ app_init ] --START--
INFO: Run Behavior\BuildLiteBehavior [ RunTime:0.000011s ]
INFO: [ app_init ] --END-- [ RunTime:0.000517s ]
ERR: 无法加载模块:Smart

[ 2016-11-01T17:21:44+08:00 ] 127.0.0.1 /smart/Public/Images/fixedgd.jpg
INFO: [ app_init ] --START--
INFO: Run Behavior\BuildLiteBehavior [ RunTime:0.000010s ]
INFO: [ app_init ] --END-- [ RunTime:0.000511s ]
ERR: 无法加载模块:Smart

[ 2016-11-01T17:21:52+08:00 ] 127.0.0.1 /smart/Public/Images/logimg.jpg
INFO: [ app_init ] --START--
INFO: Run Behavior\BuildLiteBehavior [ RunTime:0.000015s ]
INFO: [ app_init ] --END-- [ RunTime:0.000654s ]
ERR: 无法加载模块:Smart

[ 2016-11-01T17:21:59+08:00 ] 127.0.0.1 /smart/Public/Images/choose.jpg
INFO: [ app_init ] --START--
INFO: Run Behavior\BuildLiteBehavior [ RunTime:0.000018s ]
INFO: [ app_init ] --END-- [ RunTime:0.000809s ]
ERR: 无法加载模块:Smart

[ 2016-11-01T17:22:01+08:00 ] 127.0.0.1 /smart/Public/Images/modal.jpg
INFO: [ app_init ] --START--
INFO: Run Behavior\BuildLiteBehavior [ RunTime:0.000018s ]
INFO: [ app_init ] --END-- [ RunTime:0.000795s ]
ERR: 无法加载模块:Smart

[ 2016-11-01T17:22:04+08:00 ] 127.0.0.1 /smart/Public/Images/mainimg.jpg
INFO: [ app_init ] --START--
INFO: Run Behavior\BuildLiteBehavior [ RunTime:0.000012s ]
INFO: [ app_init ] --END-- [ RunTime:0.000464s ]
ERR: 无法加载模块:Smart

[ 2016-11-01T17:22:04+08:00 ] 127.0.0.1 /smart/Public/Images/fixedgd.jpg
INFO: [ app_init ] --START--
INFO: Run Behavior\BuildLiteBehavior [ RunTime:0.000012s ]
INFO: [ app_init ] --END-- [ RunTime:0.000457s ]
ERR: 无法加载模块:Smart

[ 2016-11-01T17:23:02+08:00 ] 127.0.0.1 /smart/Public/Images/logimg.jpg
INFO: [ app_init ] --START--
INFO: Run Behavior\BuildLiteBehavior [ RunTime:0.000012s ]
INFO: [ app_init ] --END-- [ RunTime:0.000526s ]
ERR: 无法加载模块:Smart

[ 2016-11-01T17:23:08+08:00 ] 127.0.0.1 /smart/Public/Images/choose.jpg
INFO: [ app_init ] --START--
INFO: Run Behavior\BuildLiteBehavior [ RunTime:0.000011s ]
INFO: [ app_init ] --END-- [ RunTime:0.000554s ]
ERR: 无法加载模块:Smart

[ 2016-11-01T17:23:11+08:00 ] 127.0.0.1 /smart/Public/Images/bl.jpg
INFO: [ app_init ] --START--
INFO: Run Behavior\BuildLiteBehavior [ RunTime:0.000012s ]
INFO: [ app_init ] --END-- [ RunTime:0.000555s ]
ERR: 无法加载模块:Smart

[ 2016-11-01T17:23:11+08:00 ] 127.0.0.1 /smart/Public/Images/fixedgd.jpg
INFO: [ app_init ] --START--
INFO: Run Behavior\BuildLiteBehavior [ RunTime:0.000011s ]
INFO: [ app_init ] --END-- [ RunTime:0.000525s ]
ERR: 无法加载模块:Smart

[ 2016-11-01T17:23:36+08:00 ] 127.0.0.1 /smart/Public/Images/modal.jpg
INFO: [ app_init ] --START--
INFO: Run Behavior\BuildLiteBehavior [ RunTime:0.000016s ]
INFO: [ app_init ] --END-- [ RunTime:0.000787s ]
ERR: 无法加载模块:Smart

[ 2016-11-01T17:27:57+08:00 ] 127.0.0.1 /smart/Public/Images/bl.jpg
INFO: [ app_init ] --START--
INFO: Run Behavior\BuildLiteBehavior [ RunTime:0.000030s ]
INFO: [ app_init ] --END-- [ RunTime:0.001694s ]
ERR: 无法加载模块:Smart

[ 2016-11-01T17:27:57+08:00 ] 127.0.0.1 /smart/Public/Images/fixedgd.jpg
INFO: [ app_init ] --START--
INFO: Run Behavior\BuildLiteBehavior [ RunTime:0.000029s ]
INFO: [ app_init ] --END-- [ RunTime:0.001754s ]
ERR: 无法加载模块:Smart

[ 2016-11-01T21:08:22+08:00 ] 127.0.0.1 /smart/Public/Images/bl.jpg
INFO: [ app_init ] --START--
INFO: Run Behavior\BuildLiteBehavior [ RunTime:0.000028s ]
INFO: [ app_init ] --END-- [ RunTime:0.001848s ]
ERR: 无法加载模块:Smart

[ 2016-11-01T21:08:23+08:00 ] 127.0.0.1 /smart/Public/Images/fixedgd.jpg
INFO: [ app_init ] --START--
INFO: Run Behavior\BuildLiteBehavior [ RunTime:0.000065s ]
INFO: [ app_init ] --END-- [ RunTime:0.002665s ]
ERR: 无法加载模块:Smart

[ 2016-11-01T21:08:24+08:00 ] 127.0.0.1 /favicon.ico
INFO: [ app_init ] --START--
INFO: Run Behavior\BuildLiteBehavior [ RunTime:0.000027s ]
INFO: [ app_init ] --END-- [ RunTime:0.001219s ]
ERR: 无法加载模块:Favicon

[ 2016-11-01T21:08:24+08:00 ] 127.0.0.1 /favicon.ico
INFO: [ app_init ] --START--
INFO: Run Behavior\BuildLiteBehavior [ RunTime:0.000034s ]
INFO: [ app_init ] --END-- [ RunTime:0.001760s ]
ERR: 无法加载模块:Favicon

[ 2016-11-01T21:09:05+08:00 ] 127.0.0.1 /smart/Public/Images/modal.jpg
INFO: [ app_init ] --START--
INFO: Run Behavior\BuildLiteBehavior [ RunTime:0.000011s ]
INFO: [ app_init ] --END-- [ RunTime:0.000449s ]
ERR: 无法加载模块:Smart

[ 2016-11-01T21:14:36+08:00 ] 127.0.0.1 /smart/Public/Images/bl.jpg
INFO: [ app_init ] --START--
INFO: Run Behavior\BuildLiteBehavior [ RunTime:0.000016s ]
INFO: [ app_init ] --END-- [ RunTime:0.000648s ]
ERR: 无法加载模块:Smart

[ 2016-11-01T21:14:49+08:00 ] 127.0.0.1 /smart/Public/Images/modal.jpg
INFO: [ app_init ] --START--
INFO: Run Behavior\BuildLiteBehavior [ RunTime:0.000012s ]
INFO: [ app_init ] --END-- [ RunTime:0.000516s ]
ERR: 无法加载模块:Smart

[ 2016-11-01T21:18:58+08:00 ] 127.0.0.1 /smart/Public/Images/info.jpg
INFO: [ app_init ] --START--
INFO: Run Behavior\BuildLiteBehavior [ RunTime:0.000015s ]
INFO: [ app_init ] --END-- [ RunTime:0.000653s ]
ERR: 无法加载模块:Smart

[ 2016-11-01T21:19:40+08:00 ] 127.0.0.1 /smart/Public/Images/modal.jpg
INFO: [ app_init ] --START--
INFO: Run Behavior\BuildLiteBehavior [ RunTime:0.000011s ]
INFO: [ app_init ] --END-- [ RunTime:0.000443s ]
ERR: 无法加载模块:Smart

[ 2016-11-01T21:20:02+08:00 ] 127.0.0.1 /smart/Public/Images/admin.jpg
INFO: [ app_init ] --START--
INFO: Run Behavior\BuildLiteBehavior [ RunTime:0.000012s ]
INFO: [ app_init ] --END-- [ RunTime:0.000485s ]
ERR: 无法加载模块:Smart

[ 2016-11-01T21:20:15+08:00 ] 127.0.0.1 /smart/Public/Images/logimg.jpg
INFO: [ app_init ] --START--
INFO: Run Behavior\BuildLiteBehavior [ RunTime:0.000028s ]
INFO: [ app_init ] --END-- [ RunTime:0.001351s ]
ERR: 无法加载模块:Smart

[ 2016-11-01T21:20:20+08:00 ] 127.0.0.1 /smart/Public/Images/logimg.jpg
INFO: [ app_init ] --START--
INFO: Run Behavior\BuildLiteBehavior [ RunTime:0.000044s ]
INFO: [ app_init ] --END-- [ RunTime:0.001903s ]
ERR: 无法加载模块:Smart

[ 2016-11-01T21:20:27+08:00 ] 127.0.0.1 /smart/Public/Images/logimg.jpg
INFO: [ app_init ] --START--
INFO: Run Behavior\BuildLiteBehavior [ RunTime:0.000040s ]
INFO: [ app_init ] --END-- [ RunTime:0.001997s ]
ERR: 无法加载模块:Smart

[ 2016-11-01T21:21:12+08:00 ] 127.0.0.1 /smart/Public/Images/choose.jpg
INFO: [ app_init ] --START--
INFO: Run Behavior\BuildLiteBehavior [ RunTime:0.000010s ]
INFO: [ app_init ] --END-- [ RunTime:0.000465s ]
ERR: 无法加载模块:Smart

[ 2016-11-01T21:23:40+08:00 ] 127.0.0.1 /smart/Public/Images/mainimg.jpg
INFO: [ app_init ] --START--
INFO: Run Behavior\BuildLiteBehavior [ RunTime:0.000039s ]
INFO: [ app_init ] --END-- [ RunTime:0.001908s ]
ERR: 无法加载模块:Smart

[ 2016-11-01T21:23:56+08:00 ] 127.0.0.1 /smart/Public/Images/modal.jpg
INFO: [ app_init ] --START--
INFO: Run Behavior\BuildLiteBehavior [ RunTime:0.000028s ]
INFO: [ app_init ] --END-- [ RunTime:0.001368s ]
ERR: 无法加载模块:Smart

